;  LST file generated by mikroListExporter - v.2.0 
; Date/Time: 2/17/2020 9:28:40 PM
;----------------------------------------------

;Address Opcode 	ASM
0x0000	0x2803      	GOTO       3
_main:
0x0003	0x1283      	BCF        STATUS, 5
0x0004	0x018C      	CLRF       _s
0x0005	0x3041      	MOVLW      65
0x0006	0x008D      	MOVWF      ?lstr1_Arithmetic
0x0007	0x3052      	MOVLW      82
0x0008	0x008E      	MOVWF      14
0x0009	0x3049      	MOVLW      73
0x000A	0x008F      	MOVWF      15
0x000B	0x3054      	MOVLW      84
0x000C	0x0090      	MOVWF      16
0x000D	0x3048      	MOVLW      72
0x000E	0x0091      	MOVWF      17
0x000F	0x304D      	MOVLW      77
0x0010	0x0092      	MOVWF      18
0x0011	0x3045      	MOVLW      69
0x0012	0x0093      	MOVWF      19
0x0013	0x3054      	MOVLW      84
0x0014	0x0094      	MOVWF      20
0x0015	0x3049      	MOVLW      73
0x0016	0x0095      	MOVWF      21
0x0017	0x3043      	MOVLW      67
0x0018	0x0096      	MOVWF      22
0x0019	0x3020      	MOVLW      32
0x001A	0x0097      	MOVWF      23
0x001B	0x304F      	MOVLW      79
0x001C	0x0098      	MOVWF      24
0x001D	0x3050      	MOVLW      80
0x001E	0x0099      	MOVWF      25
0x001F	0x303A      	MOVLW      58
0x0020	0x009A      	MOVWF      26
0x0021	0x019B      	CLRF       27
;Arithmetic.c,23 :: 		void main()
;Arithmetic.c,25 :: 		lcd_init();
0x0022	0x2202      	CALL       _Lcd_Init
;Arithmetic.c,26 :: 		lcd_cmd(_lcd_clear);
0x0023	0x3001      	MOVLW      1
0x0024	0x00BC      	MOVWF      FARG_Lcd_Cmd_out_char
0x0025	0x228E      	CALL       _Lcd_Cmd
;Arithmetic.c,27 :: 		lcd_cmd(_lcd_cursor_off);
0x0026	0x300C      	MOVLW      12
0x0027	0x00BC      	MOVWF      FARG_Lcd_Cmd_out_char
0x0028	0x228E      	CALL       _Lcd_Cmd
;Arithmetic.c,28 :: 		TRISA = 0x01;
0x0029	0x3001      	MOVLW      1
0x002A	0x1683      	BSF        STATUS, 5
0x002B	0x0085      	MOVWF      TRISA
;Arithmetic.c,29 :: 		LCD_OUT_cp("ARITHMETIC OP:");
0x002C	0x300D      	MOVLW      ?lstr1_Arithmetic
0x002D	0x00AE      	MOVWF      FARG_Lcd_Out_CP_text
0x002E	0x2384      	CALL       _Lcd_Out_CP
;Arithmetic.c,30 :: 		lcd_chr(2,1,'0');
0x002F	0x3002      	MOVLW      2
0x0030	0x00AE      	MOVWF      FARG_Lcd_Chr_row
0x0031	0x3001      	MOVLW      1
0x0032	0x00AF      	MOVWF      FARG_Lcd_Chr_column
0x0033	0x3030      	MOVLW      48
0x0034	0x00B0      	MOVWF      FARG_Lcd_Chr_out_char
0x0035	0x230A      	CALL       _Lcd_Chr
;Arithmetic.c,31 :: 		lcd_chr(2,5,'0');
0x0036	0x3002      	MOVLW      2
0x0037	0x00AE      	MOVWF      FARG_Lcd_Chr_row
0x0038	0x3005      	MOVLW      5
0x0039	0x00AF      	MOVWF      FARG_Lcd_Chr_column
0x003A	0x3030      	MOVLW      48
0x003B	0x00B0      	MOVWF      FARG_Lcd_Chr_out_char
0x003C	0x230A      	CALL       _Lcd_Chr
;Arithmetic.c,32 :: 		lcd_chr(2,7,'=');
0x003D	0x3002      	MOVLW      2
0x003E	0x00AE      	MOVWF      FARG_Lcd_Chr_row
0x003F	0x3007      	MOVLW      7
0x0040	0x00AF      	MOVWF      FARG_Lcd_Chr_column
0x0041	0x303D      	MOVLW      61
0x0042	0x00B0      	MOVWF      FARG_Lcd_Chr_out_char
0x0043	0x230A      	CALL       _Lcd_Chr
;Arithmetic.c,35 :: 		while(1)
L_main0:
;Arithmetic.c,37 :: 		if(PORTA.B0 == 0)
0x0044	0x1805      	BTFSC      PORTA, 0
0x0045	0x2874      	GOTO       L_main2
;Arithmetic.c,39 :: 		delay_ms(10);
0x0046	0x301A      	MOVLW      26
0x0047	0x00CC      	MOVWF      R12
0x0048	0x30F8      	MOVLW      248
0x0049	0x00CD      	MOVWF      R13
L_main3:
0x004A	0x0BCD      	DECFSZ     R13, 1
0x004B	0x284A      	GOTO       L_main3
0x004C	0x0BCC      	DECFSZ     R12, 1
0x004D	0x284A      	GOTO       L_main3
0x004E	0x0000      	NOP
;Arithmetic.c,40 :: 		if(PORTA.B0 == 1)
0x004F	0x1C05      	BTFSS      PORTA, 0
0x0050	0x2874      	GOTO       L_main4
;Arithmetic.c,42 :: 		i++;
0x0051	0x0AA9      	INCF       _i, 1
0x0052	0x1903      	BTFSC      STATUS, 2
0x0053	0x0AAA      	INCF       _i+1, 1
;Arithmetic.c,43 :: 		N1 = ch(i);
0x0054	0x0829      	MOVF       _i, 0
0x0055	0x00AE      	MOVWF      FARG_ch_num
0x0056	0x082A      	MOVF       _i+1, 0
0x0057	0x00AF      	MOVWF      FARG_ch_num+1
0x0058	0x2127      	CALL       _ch
0x0059	0x1283      	BCF        STATUS, 5
0x005A	0x0840      	MOVF       R0, 0
0x005B	0x00AD      	MOVWF      _N1
;Arithmetic.c,44 :: 		lcd_chr(2,1,N1);
0x005C	0x3002      	MOVLW      2
0x005D	0x00AE      	MOVWF      FARG_Lcd_Chr_row
0x005E	0x3001      	MOVLW      1
0x005F	0x00AF      	MOVWF      FARG_Lcd_Chr_column
0x0060	0x0840      	MOVF       R0, 0
0x0061	0x00B0      	MOVWF      FARG_Lcd_Chr_out_char
0x0062	0x230A      	CALL       _Lcd_Chr
;Arithmetic.c,45 :: 		if(i==10)
0x0063	0x3000      	MOVLW      0
0x0064	0x062A      	XORWF      _i+1, 0
0x0065	0x1D03      	BTFSS      STATUS, 2
0x0066	0x2869      	GOTO       L__main39
0x0067	0x300A      	MOVLW      10
0x0068	0x0629      	XORWF      _i, 0
L__main39:
0x0069	0x1D03      	BTFSS      STATUS, 2
0x006A	0x2874      	GOTO       L_main5
;Arithmetic.c,47 :: 		i=0;
0x006B	0x01A9      	CLRF       _i
0x006C	0x01AA      	CLRF       _i+1
;Arithmetic.c,48 :: 		lcd_chr(2,1,'0');
0x006D	0x3002      	MOVLW      2
0x006E	0x00AE      	MOVWF      FARG_Lcd_Chr_row
0x006F	0x3001      	MOVLW      1
0x0070	0x00AF      	MOVWF      FARG_Lcd_Chr_column
0x0071	0x3030      	MOVLW      48
0x0072	0x00B0      	MOVWF      FARG_Lcd_Chr_out_char
0x0073	0x230A      	CALL       _Lcd_Chr
;Arithmetic.c,49 :: 		}
L_main5:
;Arithmetic.c,50 :: 		}
L_main4:
;Arithmetic.c,51 :: 		}
L_main2:
;Arithmetic.c,53 :: 		if(PORTA.B1 == 0)
0x0074	0x1885      	BTFSC      PORTA, 1
0x0075	0x28A5      	GOTO       L_main6
;Arithmetic.c,55 :: 		delay_ms(20);
0x0076	0x3034      	MOVLW      52
0x0077	0x00CC      	MOVWF      R12
0x0078	0x30F1      	MOVLW      241
0x0079	0x00CD      	MOVWF      R13
L_main7:
0x007A	0x0BCD      	DECFSZ     R13, 1
0x007B	0x287A      	GOTO       L_main7
0x007C	0x0BCC      	DECFSZ     R12, 1
0x007D	0x287A      	GOTO       L_main7
0x007E	0x0000      	NOP
0x007F	0x0000      	NOP
;Arithmetic.c,57 :: 		if(PORTA.B1 == 1)
0x0080	0x1C85      	BTFSS      PORTA, 1
0x0081	0x28A5      	GOTO       L_main8
;Arithmetic.c,59 :: 		j++;
0x0082	0x0AAB      	INCF       _j, 1
0x0083	0x1903      	BTFSC      STATUS, 2
0x0084	0x0AAC      	INCF       _j+1, 1
;Arithmetic.c,60 :: 		N2 = ch(j);
0x0085	0x082B      	MOVF       _j, 0
0x0086	0x00AE      	MOVWF      FARG_ch_num
0x0087	0x082C      	MOVF       _j+1, 0
0x0088	0x00AF      	MOVWF      FARG_ch_num+1
0x0089	0x2127      	CALL       _ch
0x008A	0x1283      	BCF        STATUS, 5
0x008B	0x0840      	MOVF       R0, 0
0x008C	0x009C      	MOVWF      _N2
;Arithmetic.c,61 :: 		lcd_chr(2,5,N2);
0x008D	0x3002      	MOVLW      2
0x008E	0x00AE      	MOVWF      FARG_Lcd_Chr_row
0x008F	0x3005      	MOVLW      5
0x0090	0x00AF      	MOVWF      FARG_Lcd_Chr_column
0x0091	0x0840      	MOVF       R0, 0
0x0092	0x00B0      	MOVWF      FARG_Lcd_Chr_out_char
0x0093	0x230A      	CALL       _Lcd_Chr
;Arithmetic.c,62 :: 		if(j==10)
0x0094	0x3000      	MOVLW      0
0x0095	0x062C      	XORWF      _j+1, 0
0x0096	0x1D03      	BTFSS      STATUS, 2
0x0097	0x289A      	GOTO       L__main40
0x0098	0x300A      	MOVLW      10
0x0099	0x062B      	XORWF      _j, 0
L__main40:
0x009A	0x1D03      	BTFSS      STATUS, 2
0x009B	0x28A5      	GOTO       L_main9
;Arithmetic.c,64 :: 		j=0;
0x009C	0x01AB      	CLRF       _j
0x009D	0x01AC      	CLRF       _j+1
;Arithmetic.c,65 :: 		lcd_chr(2,5,'0');
0x009E	0x3002      	MOVLW      2
0x009F	0x00AE      	MOVWF      FARG_Lcd_Chr_row
0x00A0	0x3005      	MOVLW      5
0x00A1	0x00AF      	MOVWF      FARG_Lcd_Chr_column
0x00A2	0x3030      	MOVLW      48
0x00A3	0x00B0      	MOVWF      FARG_Lcd_Chr_out_char
0x00A4	0x230A      	CALL       _Lcd_Chr
;Arithmetic.c,66 :: 		}
L_main9:
;Arithmetic.c,67 :: 		}
L_main8:
;Arithmetic.c,69 :: 		}
L_main6:
;Arithmetic.c,71 :: 		if(PORTA.B0 == 1 && PORTA.B1 == 1)
0x00A5	0x1C05      	BTFSS      PORTA, 0
0x00A6	0x28BC      	GOTO       L_main12
0x00A7	0x1C85      	BTFSS      PORTA, 1
0x00A8	0x28BC      	GOTO       L_main12
L__main37:
;Arithmetic.c,73 :: 		delay_ms(10);
0x00A9	0x301A      	MOVLW      26
0x00AA	0x00CC      	MOVWF      R12
0x00AB	0x30F8      	MOVLW      248
0x00AC	0x00CD      	MOVWF      R13
L_main13:
0x00AD	0x0BCD      	DECFSZ     R13, 1
0x00AE	0x28AD      	GOTO       L_main13
0x00AF	0x0BCC      	DECFSZ     R12, 1
0x00B0	0x28AD      	GOTO       L_main13
0x00B1	0x0000      	NOP
;Arithmetic.c,74 :: 		if(PORTA.B0 == 1 && PORTA.B1 == 1)
0x00B2	0x1C05      	BTFSS      PORTA, 0
0x00B3	0x28BC      	GOTO       L_main16
0x00B4	0x1C85      	BTFSS      PORTA, 1
0x00B5	0x28BC      	GOTO       L_main16
L__main36:
;Arithmetic.c,76 :: 		s++;
0x00B6	0x0A8C      	INCF       _s, 1
;Arithmetic.c,77 :: 		if(s == 4)
0x00B7	0x080C      	MOVF       _s, 0
0x00B8	0x3A04      	XORLW      4
0x00B9	0x1D03      	BTFSS      STATUS, 2
0x00BA	0x28BC      	GOTO       L_main17
;Arithmetic.c,79 :: 		s=0;
0x00BB	0x018C      	CLRF       _s
;Arithmetic.c,80 :: 		}
L_main17:
;Arithmetic.c,81 :: 		}
L_main16:
;Arithmetic.c,82 :: 		}
L_main12:
;Arithmetic.c,84 :: 		switch(s)
0x00BC	0x2907      	GOTO       L_main18
;Arithmetic.c,86 :: 		case 0:
L_main20:
;Arithmetic.c,87 :: 		lcd_chr(2,3,'+');
0x00BD	0x3002      	MOVLW      2
0x00BE	0x00AE      	MOVWF      FARG_Lcd_Chr_row
0x00BF	0x3003      	MOVLW      3
0x00C0	0x00AF      	MOVWF      FARG_Lcd_Chr_column
0x00C1	0x302B      	MOVLW      43
0x00C2	0x00B0      	MOVWF      FARG_Lcd_Chr_out_char
0x00C3	0x230A      	CALL       _Lcd_Chr
;Arithmetic.c,88 :: 		rs = i + j;
0x00C4	0x082B      	MOVF       _j, 0
0x00C5	0x0729      	ADDWF      _i, 0
0x00C6	0x009D      	MOVWF      _rs
0x00C7	0x082A      	MOVF       _i+1, 0
0x00C8	0x1803      	BTFSC      STATUS, 0
0x00C9	0x3E01      	ADDLW      1
0x00CA	0x072C      	ADDWF      _j+1, 0
0x00CB	0x009E      	MOVWF      _rs+1
;Arithmetic.c,89 :: 		break;
0x00CC	0x2917      	GOTO       L_main19
;Arithmetic.c,90 :: 		case 1:
L_main21:
;Arithmetic.c,91 :: 		lcd_chr(2,3,'-');
0x00CD	0x3002      	MOVLW      2
0x00CE	0x00AE      	MOVWF      FARG_Lcd_Chr_row
0x00CF	0x3003      	MOVLW      3
0x00D0	0x00AF      	MOVWF      FARG_Lcd_Chr_column
0x00D1	0x302D      	MOVLW      45
0x00D2	0x00B0      	MOVWF      FARG_Lcd_Chr_out_char
0x00D3	0x230A      	CALL       _Lcd_Chr
;Arithmetic.c,92 :: 		rs = i-j;
0x00D4	0x082B      	MOVF       _j, 0
0x00D5	0x0229      	SUBWF      _i, 0
0x00D6	0x009D      	MOVWF      _rs
0x00D7	0x082C      	MOVF       _j+1, 0
0x00D8	0x1C03      	BTFSS      STATUS, 0
0x00D9	0x3E01      	ADDLW      1
0x00DA	0x022A      	SUBWF      _i+1, 0
0x00DB	0x009E      	MOVWF      _rs+1
;Arithmetic.c,93 :: 		break;
0x00DC	0x2917      	GOTO       L_main19
;Arithmetic.c,94 :: 		case 2:
L_main22:
;Arithmetic.c,95 :: 		lcd_chr(2,3,'*');
0x00DD	0x3002      	MOVLW      2
0x00DE	0x00AE      	MOVWF      FARG_Lcd_Chr_row
0x00DF	0x3003      	MOVLW      3
0x00E0	0x00AF      	MOVWF      FARG_Lcd_Chr_column
0x00E1	0x302A      	MOVLW      42
0x00E2	0x00B0      	MOVWF      FARG_Lcd_Chr_out_char
0x00E3	0x230A      	CALL       _Lcd_Chr
;Arithmetic.c,96 :: 		rs = i * j;
0x00E4	0x0829      	MOVF       _i, 0
0x00E5	0x00C0      	MOVWF      R0
0x00E6	0x082A      	MOVF       _i+1, 0
0x00E7	0x00C1      	MOVWF      R0+1
0x00E8	0x082B      	MOVF       _j, 0
0x00E9	0x00C4      	MOVWF      R4
0x00EA	0x082C      	MOVF       _j+1, 0
0x00EB	0x00C5      	MOVWF      R4+1
0x00EC	0x233C      	CALL       _Mul_16X16_U
0x00ED	0x0840      	MOVF       R0, 0
0x00EE	0x009D      	MOVWF      _rs
0x00EF	0x0841      	MOVF       R0+1, 0
0x00F0	0x009E      	MOVWF      _rs+1
;Arithmetic.c,97 :: 		break;
0x00F1	0x2917      	GOTO       L_main19
;Arithmetic.c,98 :: 		case 3:
L_main23:
;Arithmetic.c,99 :: 		lcd_chr(2,3,'/');
0x00F2	0x3002      	MOVLW      2
0x00F3	0x00AE      	MOVWF      FARG_Lcd_Chr_row
0x00F4	0x3003      	MOVLW      3
0x00F5	0x00AF      	MOVWF      FARG_Lcd_Chr_column
0x00F6	0x302F      	MOVLW      47
0x00F7	0x00B0      	MOVWF      FARG_Lcd_Chr_out_char
0x00F8	0x230A      	CALL       _Lcd_Chr
;Arithmetic.c,100 :: 		rs = i / j;
0x00F9	0x082B      	MOVF       _j, 0
0x00FA	0x00C4      	MOVWF      R4
0x00FB	0x082C      	MOVF       _j+1, 0
0x00FC	0x00C5      	MOVWF      R4+1
0x00FD	0x0829      	MOVF       _i, 0
0x00FE	0x00C0      	MOVWF      R0
0x00FF	0x082A      	MOVF       _i+1, 0
0x0100	0x00C1      	MOVWF      R0+1
0x0101	0x2367      	CALL       _Div_16X16_U
0x0102	0x0840      	MOVF       R0, 0
0x0103	0x009D      	MOVWF      _rs
0x0104	0x0841      	MOVF       R0+1, 0
0x0105	0x009E      	MOVWF      _rs+1
;Arithmetic.c,101 :: 		break;
0x0106	0x2917      	GOTO       L_main19
;Arithmetic.c,102 :: 		}
L_main18:
0x0107	0x080C      	MOVF       _s, 0
0x0108	0x3A00      	XORLW      0
0x0109	0x1903      	BTFSC      STATUS, 2
0x010A	0x28BD      	GOTO       L_main20
0x010B	0x080C      	MOVF       _s, 0
0x010C	0x3A01      	XORLW      1
0x010D	0x1903      	BTFSC      STATUS, 2
0x010E	0x28CD      	GOTO       L_main21
0x010F	0x080C      	MOVF       _s, 0
0x0110	0x3A02      	XORLW      2
0x0111	0x1903      	BTFSC      STATUS, 2
0x0112	0x28DD      	GOTO       L_main22
0x0113	0x080C      	MOVF       _s, 0
0x0114	0x3A03      	XORLW      3
0x0115	0x1903      	BTFSC      STATUS, 2
0x0116	0x28F2      	GOTO       L_main23
L_main19:
;Arithmetic.c,106 :: 		IntToStr(rs,r);
0x0117	0x081D      	MOVF       _rs, 0
0x0118	0x00AE      	MOVWF      FARG_IntToStr_input
0x0119	0x081E      	MOVF       _rs+1, 0
0x011A	0x00AF      	MOVWF      FARG_IntToStr_input+1
0x011B	0x3020      	MOVLW      _r
0x011C	0x00B0      	MOVWF      FARG_IntToStr_output
0x011D	0x2199      	CALL       _IntToStr
;Arithmetic.c,107 :: 		lcd_out(2,10,r);
0x011E	0x3002      	MOVLW      2
0x011F	0x00AE      	MOVWF      FARG_Lcd_Out_row
0x0120	0x300A      	MOVLW      10
0x0121	0x00AF      	MOVWF      FARG_Lcd_Out_column
0x0122	0x3020      	MOVLW      _r
0x0123	0x00B0      	MOVWF      FARG_Lcd_Out_text
0x0124	0x22CD      	CALL       _Lcd_Out
;Arithmetic.c,108 :: 		}
0x0125	0x2844      	GOTO       L_main0
;Arithmetic.c,109 :: 		}
L_end_main:
0x0126	0x2926      	GOTO       $+0
; end of _main
_ch:
;Arithmetic.c,112 :: 		char ch(int num)
;Arithmetic.c,114 :: 		switch(num)
0x0127	0x2947      	GOTO       L_ch24
;Arithmetic.c,116 :: 		case 0: return '0'; break;
L_ch26:
0x0128	0x3030      	MOVLW      48
0x0129	0x1283      	BCF        STATUS, 5
0x012A	0x00C0      	MOVWF      R0
0x012B	0x2998      	GOTO       L_end_ch
;Arithmetic.c,117 :: 		case 1: return '1'; break;
L_ch27:
0x012C	0x3031      	MOVLW      49
0x012D	0x00C0      	MOVWF      R0
0x012E	0x2998      	GOTO       L_end_ch
;Arithmetic.c,118 :: 		case 2: return '2'; break;
L_ch28:
0x012F	0x3032      	MOVLW      50
0x0130	0x00C0      	MOVWF      R0
0x0131	0x2998      	GOTO       L_end_ch
;Arithmetic.c,119 :: 		case 3: return '3'; break;
L_ch29:
0x0132	0x3033      	MOVLW      51
0x0133	0x00C0      	MOVWF      R0
0x0134	0x2998      	GOTO       L_end_ch
;Arithmetic.c,120 :: 		case 4: return '4'; break;
L_ch30:
0x0135	0x3034      	MOVLW      52
0x0136	0x00C0      	MOVWF      R0
0x0137	0x2998      	GOTO       L_end_ch
;Arithmetic.c,121 :: 		case 5: return '5'; break;
L_ch31:
0x0138	0x3035      	MOVLW      53
0x0139	0x00C0      	MOVWF      R0
0x013A	0x2998      	GOTO       L_end_ch
;Arithmetic.c,122 :: 		case 6: return '6'; break;
L_ch32:
0x013B	0x3036      	MOVLW      54
0x013C	0x00C0      	MOVWF      R0
0x013D	0x2998      	GOTO       L_end_ch
;Arithmetic.c,123 :: 		case 7: return '7'; break;
L_ch33:
0x013E	0x3037      	MOVLW      55
0x013F	0x00C0      	MOVWF      R0
0x0140	0x2998      	GOTO       L_end_ch
;Arithmetic.c,124 :: 		case 8: return '8'; break;
L_ch34:
0x0141	0x3038      	MOVLW      56
0x0142	0x00C0      	MOVWF      R0
0x0143	0x2998      	GOTO       L_end_ch
;Arithmetic.c,125 :: 		case 9: return '9'; break;
L_ch35:
0x0144	0x3039      	MOVLW      57
0x0145	0x00C0      	MOVWF      R0
0x0146	0x2998      	GOTO       L_end_ch
;Arithmetic.c,126 :: 		}
L_ch24:
0x0147	0x3000      	MOVLW      0
0x0148	0x062F      	XORWF      FARG_ch_num+1, 0
0x0149	0x1D03      	BTFSS      STATUS, 2
0x014A	0x294D      	GOTO       L__ch42
0x014B	0x3000      	MOVLW      0
0x014C	0x062E      	XORWF      FARG_ch_num, 0
L__ch42:
0x014D	0x1903      	BTFSC      STATUS, 2
0x014E	0x2928      	GOTO       L_ch26
0x014F	0x3000      	MOVLW      0
0x0150	0x062F      	XORWF      FARG_ch_num+1, 0
0x0151	0x1D03      	BTFSS      STATUS, 2
0x0152	0x2955      	GOTO       L__ch43
0x0153	0x3001      	MOVLW      1
0x0154	0x062E      	XORWF      FARG_ch_num, 0
L__ch43:
0x0155	0x1903      	BTFSC      STATUS, 2
0x0156	0x292C      	GOTO       L_ch27
0x0157	0x3000      	MOVLW      0
0x0158	0x062F      	XORWF      FARG_ch_num+1, 0
0x0159	0x1D03      	BTFSS      STATUS, 2
0x015A	0x295D      	GOTO       L__ch44
0x015B	0x3002      	MOVLW      2
0x015C	0x062E      	XORWF      FARG_ch_num, 0
L__ch44:
0x015D	0x1903      	BTFSC      STATUS, 2
0x015E	0x292F      	GOTO       L_ch28
0x015F	0x3000      	MOVLW      0
0x0160	0x062F      	XORWF      FARG_ch_num+1, 0
0x0161	0x1D03      	BTFSS      STATUS, 2
0x0162	0x2965      	GOTO       L__ch45
0x0163	0x3003      	MOVLW      3
0x0164	0x062E      	XORWF      FARG_ch_num, 0
L__ch45:
0x0165	0x1903      	BTFSC      STATUS, 2
0x0166	0x2932      	GOTO       L_ch29
0x0167	0x3000      	MOVLW      0
0x0168	0x062F      	XORWF      FARG_ch_num+1, 0
0x0169	0x1D03      	BTFSS      STATUS, 2
0x016A	0x296D      	GOTO       L__ch46
0x016B	0x3004      	MOVLW      4
0x016C	0x062E      	XORWF      FARG_ch_num, 0
L__ch46:
0x016D	0x1903      	BTFSC      STATUS, 2
0x016E	0x2935      	GOTO       L_ch30
0x016F	0x3000      	MOVLW      0
0x0170	0x062F      	XORWF      FARG_ch_num+1, 0
0x0171	0x1D03      	BTFSS      STATUS, 2
0x0172	0x2975      	GOTO       L__ch47
0x0173	0x3005      	MOVLW      5
0x0174	0x062E      	XORWF      FARG_ch_num, 0
L__ch47:
0x0175	0x1903      	BTFSC      STATUS, 2
0x0176	0x2938      	GOTO       L_ch31
0x0177	0x3000      	MOVLW      0
0x0178	0x062F      	XORWF      FARG_ch_num+1, 0
0x0179	0x1D03      	BTFSS      STATUS, 2
0x017A	0x297D      	GOTO       L__ch48
0x017B	0x3006      	MOVLW      6
0x017C	0x062E      	XORWF      FARG_ch_num, 0
L__ch48:
0x017D	0x1903      	BTFSC      STATUS, 2
0x017E	0x293B      	GOTO       L_ch32
0x017F	0x3000      	MOVLW      0
0x0180	0x062F      	XORWF      FARG_ch_num+1, 0
0x0181	0x1D03      	BTFSS      STATUS, 2
0x0182	0x2985      	GOTO       L__ch49
0x0183	0x3007      	MOVLW      7
0x0184	0x062E      	XORWF      FARG_ch_num, 0
L__ch49:
0x0185	0x1903      	BTFSC      STATUS, 2
0x0186	0x293E      	GOTO       L_ch33
0x0187	0x3000      	MOVLW      0
0x0188	0x062F      	XORWF      FARG_ch_num+1, 0
0x0189	0x1D03      	BTFSS      STATUS, 2
0x018A	0x298D      	GOTO       L__ch50
0x018B	0x3008      	MOVLW      8
0x018C	0x062E      	XORWF      FARG_ch_num, 0
L__ch50:
0x018D	0x1903      	BTFSC      STATUS, 2
0x018E	0x2941      	GOTO       L_ch34
0x018F	0x3000      	MOVLW      0
0x0190	0x062F      	XORWF      FARG_ch_num+1, 0
0x0191	0x1D03      	BTFSS      STATUS, 2
0x0192	0x2995      	GOTO       L__ch51
0x0193	0x3009      	MOVLW      9
0x0194	0x062E      	XORWF      FARG_ch_num, 0
L__ch51:
0x0195	0x1903      	BTFSC      STATUS, 2
0x0196	0x2944      	GOTO       L_ch35
;Arithmetic.c,127 :: 		return 0;
0x0197	0x01C0      	CLRF       R0
;Arithmetic.c,128 :: 		}
L_end_ch:
0x0198	0x0008      	RETURN
; end of _ch
_IntToStr:
;__Lib_Conversions.c,195 :: 		
;__Lib_Conversions.c,201 :: 		
0x0199	0x1283      	BCF        STATUS, 5
0x019A	0x01B3      	CLRF       IntToStr_negative_L0
0x019B	0x01B4      	CLRF       IntToStr_negative_L0+1
;__Lib_Conversions.c,202 :: 		
0x019C	0x082E      	MOVF       FARG_IntToStr_input, 0
0x019D	0x00B5      	MOVWF      IntToStr_inword_L0
0x019E	0x082F      	MOVF       FARG_IntToStr_input+1, 0
0x019F	0x00B6      	MOVWF      IntToStr_inword_L0+1
;__Lib_Conversions.c,203 :: 		
0x01A0	0x3080      	MOVLW      128
0x01A1	0x062F      	XORWF      FARG_IntToStr_input+1, 0
0x01A2	0x00C0      	MOVWF      R0
0x01A3	0x3080      	MOVLW      128
0x01A4	0x0240      	SUBWF      R0, 0
0x01A5	0x1D03      	BTFSS      STATUS, 2
0x01A6	0x29A9      	GOTO       L__IntToStr167
0x01A7	0x3000      	MOVLW      0
0x01A8	0x022E      	SUBWF      FARG_IntToStr_input, 0
L__IntToStr167:
0x01A9	0x1803      	BTFSC      STATUS, 0
0x01AA	0x29B7      	GOTO       L_IntToStr37
;__Lib_Conversions.c,204 :: 		
0x01AB	0x3001      	MOVLW      1
0x01AC	0x00B3      	MOVWF      IntToStr_negative_L0
0x01AD	0x3000      	MOVLW      0
0x01AE	0x00B4      	MOVWF      IntToStr_negative_L0+1
;__Lib_Conversions.c,205 :: 		
0x01AF	0x082E      	MOVF       FARG_IntToStr_input, 0
0x01B0	0x3C00      	SUBLW      0
0x01B1	0x00B5      	MOVWF      IntToStr_inword_L0
0x01B2	0x082F      	MOVF       FARG_IntToStr_input+1, 0
0x01B3	0x1C03      	BTFSS      STATUS, 0
0x01B4	0x3E01      	ADDLW      1
0x01B5	0x01B6      	CLRF       IntToStr_inword_L0+1
0x01B6	0x02B6      	SUBWF      IntToStr_inword_L0+1, 1
;__Lib_Conversions.c,206 :: 		
L_IntToStr37:
;__Lib_Conversions.c,207 :: 		
0x01B7	0x0835      	MOVF       IntToStr_inword_L0, 0
0x01B8	0x00B7      	MOVWF      FARG_WordToStr_input
0x01B9	0x0836      	MOVF       IntToStr_inword_L0+1, 0
0x01BA	0x00B8      	MOVWF      FARG_WordToStr_input+1
0x01BB	0x0830      	MOVF       FARG_IntToStr_output, 0
0x01BC	0x00B9      	MOVWF      FARG_WordToStr_output
0x01BD	0x224F      	CALL       _WordToStr
;__Lib_Conversions.c,209 :: 		
0x01BE	0x3006      	MOVLW      6
0x01BF	0x00B1      	MOVWF      IntToStr_i_L0
0x01C0	0x3000      	MOVLW      0
0x01C1	0x00B2      	MOVWF      IntToStr_i_L0+1
;__Lib_Conversions.c,210 :: 		
L_IntToStr38:
0x01C2	0x0832      	MOVF       IntToStr_i_L0+1, 0
0x01C3	0x3C00      	SUBLW      0
0x01C4	0x1D03      	BTFSS      STATUS, 2
0x01C5	0x29C8      	GOTO       L__IntToStr168
0x01C6	0x0831      	MOVF       IntToStr_i_L0, 0
0x01C7	0x3C00      	SUBLW      0
L__IntToStr168:
0x01C8	0x1803      	BTFSC      STATUS, 0
0x01C9	0x29E3      	GOTO       L_IntToStr39
;__Lib_Conversions.c,211 :: 		
0x01CA	0x0831      	MOVF       IntToStr_i_L0, 0
0x01CB	0x0730      	ADDWF      FARG_IntToStr_output, 0
0x01CC	0x00C2      	MOVWF      R2
0x01CD	0x3001      	MOVLW      1
0x01CE	0x0231      	SUBWF      IntToStr_i_L0, 0
0x01CF	0x00C0      	MOVWF      R0
0x01D0	0x3000      	MOVLW      0
0x01D1	0x1C03      	BTFSS      STATUS, 0
0x01D2	0x3E01      	ADDLW      1
0x01D3	0x0232      	SUBWF      IntToStr_i_L0+1, 0
0x01D4	0x00C1      	MOVWF      R0+1
0x01D5	0x0840      	MOVF       R0, 0
0x01D6	0x0730      	ADDWF      FARG_IntToStr_output, 0
0x01D7	0x0084      	MOVWF      FSR
0x01D8	0x0800      	MOVF       INDF, 0
0x01D9	0x00C0      	MOVWF      R0
0x01DA	0x0842      	MOVF       R2, 0
0x01DB	0x0084      	MOVWF      FSR
0x01DC	0x0840      	MOVF       R0, 0
0x01DD	0x0080      	MOVWF      INDF
;__Lib_Conversions.c,212 :: 		
0x01DE	0x3001      	MOVLW      1
0x01DF	0x02B1      	SUBWF      IntToStr_i_L0, 1
0x01E0	0x1C03      	BTFSS      STATUS, 0
0x01E1	0x03B2      	DECF       IntToStr_i_L0+1, 1
;__Lib_Conversions.c,213 :: 		
0x01E2	0x29C2      	GOTO       L_IntToStr38
L_IntToStr39:
;__Lib_Conversions.c,214 :: 		
0x01E3	0x0830      	MOVF       FARG_IntToStr_output, 0
0x01E4	0x0084      	MOVWF      FSR
0x01E5	0x3020      	MOVLW      32
0x01E6	0x0080      	MOVWF      INDF
;__Lib_Conversions.c,215 :: 		
0x01E7	0x0833      	MOVF       IntToStr_negative_L0, 0
0x01E8	0x0434      	IORWF      IntToStr_negative_L0+1, 0
0x01E9	0x1903      	BTFSC      STATUS, 2
0x01EA	0x2A01      	GOTO       L_IntToStr40
;__Lib_Conversions.c,216 :: 		
0x01EB	0x01B1      	CLRF       IntToStr_i_L0
0x01EC	0x01B2      	CLRF       IntToStr_i_L0+1
;__Lib_Conversions.c,217 :: 		
L_IntToStr41:
0x01ED	0x0831      	MOVF       IntToStr_i_L0, 0
0x01EE	0x0730      	ADDWF      FARG_IntToStr_output, 0
0x01EF	0x0084      	MOVWF      FSR
0x01F0	0x0800      	MOVF       INDF, 0
0x01F1	0x3A20      	XORLW      32
0x01F2	0x1D03      	BTFSS      STATUS, 2
0x01F3	0x29F8      	GOTO       L_IntToStr42
0x01F4	0x0AB1      	INCF       IntToStr_i_L0, 1
0x01F5	0x1903      	BTFSC      STATUS, 2
0x01F6	0x0AB2      	INCF       IntToStr_i_L0+1, 1
0x01F7	0x29ED      	GOTO       L_IntToStr41
L_IntToStr42:
;__Lib_Conversions.c,218 :: 		
0x01F8	0x3001      	MOVLW      1
0x01F9	0x02B1      	SUBWF      IntToStr_i_L0, 1
0x01FA	0x1C03      	BTFSS      STATUS, 0
0x01FB	0x03B2      	DECF       IntToStr_i_L0+1, 1
;__Lib_Conversions.c,219 :: 		
0x01FC	0x0831      	MOVF       IntToStr_i_L0, 0
0x01FD	0x0730      	ADDWF      FARG_IntToStr_output, 0
0x01FE	0x0084      	MOVWF      FSR
0x01FF	0x302D      	MOVLW      45
0x0200	0x0080      	MOVWF      INDF
L_IntToStr40:
;__Lib_Conversions.c,220 :: 		
L_end_IntToStr:
0x0201	0x0008      	RETURN
; end of _IntToStr
_Lcd_Init:
;__Lib_Lcd.c,84 :: 		
;__Lib_Lcd.c,86 :: 		
0x0202	0x1683      	BSF        STATUS, 5
0x0203	0x1286      	BCF        LCD_EN_Direction, BitPos(LCD_EN_Direction+0)
;__Lib_Lcd.c,87 :: 		
0x0204	0x1206      	BCF        LCD_RS_Direction, BitPos(LCD_RS_Direction+0)
;__Lib_Lcd.c,88 :: 		
0x0205	0x1006      	BCF        LCD_D4_Direction, BitPos(LCD_D4_Direction+0)
;__Lib_Lcd.c,89 :: 		
0x0206	0x1086      	BCF        LCD_D5_Direction, BitPos(LCD_D5_Direction+0)
;__Lib_Lcd.c,90 :: 		
0x0207	0x1106      	BCF        LCD_D6_Direction, BitPos(LCD_D6_Direction+0)
;__Lib_Lcd.c,91 :: 		
0x0208	0x1186      	BCF        LCD_D7_Direction, BitPos(LCD_D7_Direction+0)
;__Lib_Lcd.c,93 :: 		
0x0209	0x1283      	BCF        STATUS, 5
0x020A	0x1286      	BCF        LCD_EN, BitPos(LCD_EN+0)
;__Lib_Lcd.c,94 :: 		
0x020B	0x1206      	BCF        LCD_RS, BitPos(LCD_RS+0)
;__Lib_Lcd.c,95 :: 		
0x020C	0x1186      	BCF        LCD_D7, BitPos(LCD_D7+0)
;__Lib_Lcd.c,96 :: 		
0x020D	0x1106      	BCF        LCD_D6, BitPos(LCD_D6+0)
;__Lib_Lcd.c,97 :: 		
0x020E	0x1086      	BCF        LCD_D5, BitPos(LCD_D5+0)
;__Lib_Lcd.c,98 :: 		
0x020F	0x1006      	BCF        LCD_D4, BitPos(LCD_D4+0)
;__Lib_Lcd.c,100 :: 		
0x0210	0x2395      	CALL       _Delay_5500us
;__Lib_Lcd.c,101 :: 		
0x0211	0x2395      	CALL       _Delay_5500us
;__Lib_Lcd.c,102 :: 		
0x0212	0x2395      	CALL       _Delay_5500us
;__Lib_Lcd.c,105 :: 		
0x0213	0x1486      	BSF        LCD_D5, BitPos(LCD_D5+0)
;__Lib_Lcd.c,106 :: 		
0x0214	0x1406      	BSF        LCD_D4, BitPos(LCD_D4+0)
;__Lib_Lcd.c,107 :: 		
0x0215	0x1686      	BSF        LCD_EN, BitPos(LCD_EN+0)
;__Lib_Lcd.c,108 :: 		
0x0216	0x23C0      	CALL       _Delay_1us
;__Lib_Lcd.c,109 :: 		
0x0217	0x1286      	BCF        LCD_EN, BitPos(LCD_EN+0)
;__Lib_Lcd.c,110 :: 		
0x0218	0x2395      	CALL       _Delay_5500us
;__Lib_Lcd.c,112 :: 		
0x0219	0x1686      	BSF        LCD_EN, BitPos(LCD_EN+0)
;__Lib_Lcd.c,113 :: 		
0x021A	0x23C0      	CALL       _Delay_1us
;__Lib_Lcd.c,114 :: 		
0x021B	0x1286      	BCF        LCD_EN, BitPos(LCD_EN+0)
;__Lib_Lcd.c,115 :: 		
0x021C	0x2395      	CALL       _Delay_5500us
;__Lib_Lcd.c,117 :: 		
0x021D	0x1686      	BSF        LCD_EN, BitPos(LCD_EN+0)
;__Lib_Lcd.c,118 :: 		
0x021E	0x23C0      	CALL       _Delay_1us
;__Lib_Lcd.c,119 :: 		
0x021F	0x1286      	BCF        LCD_EN, BitPos(LCD_EN+0)
;__Lib_Lcd.c,120 :: 		
0x0220	0x2395      	CALL       _Delay_5500us
;__Lib_Lcd.c,123 :: 		
0x0221	0x1006      	BCF        LCD_D4, BitPos(LCD_D4+0)
;__Lib_Lcd.c,124 :: 		
0x0222	0x1686      	BSF        LCD_EN, BitPos(LCD_EN+0)
;__Lib_Lcd.c,125 :: 		
0x0223	0x23C0      	CALL       _Delay_1us
;__Lib_Lcd.c,126 :: 		
0x0224	0x1286      	BCF        LCD_EN, BitPos(LCD_EN+0)
;__Lib_Lcd.c,127 :: 		
0x0225	0x2395      	CALL       _Delay_5500us
;__Lib_Lcd.c,130 :: 		
0x0226	0x1686      	BSF        LCD_EN, BitPos(LCD_EN+0)
;__Lib_Lcd.c,131 :: 		
0x0227	0x23C0      	CALL       _Delay_1us
;__Lib_Lcd.c,132 :: 		
0x0228	0x1286      	BCF        LCD_EN, BitPos(LCD_EN+0)
;__Lib_Lcd.c,134 :: 		
0x0229	0x1086      	BCF        LCD_D5, BitPos(LCD_D5+0)
;__Lib_Lcd.c,135 :: 		
0x022A	0x1586      	BSF        LCD_D7, BitPos(LCD_D7+0)
;__Lib_Lcd.c,136 :: 		
0x022B	0x1686      	BSF        LCD_EN, BitPos(LCD_EN+0)
;__Lib_Lcd.c,137 :: 		
0x022C	0x23C0      	CALL       _Delay_1us
;__Lib_Lcd.c,138 :: 		
0x022D	0x1286      	BCF        LCD_EN, BitPos(LCD_EN+0)
;__Lib_Lcd.c,139 :: 		
0x022E	0x2395      	CALL       _Delay_5500us
;__Lib_Lcd.c,142 :: 		
0x022F	0x1186      	BCF        LCD_D7, BitPos(LCD_D7+0)
;__Lib_Lcd.c,143 :: 		
0x0230	0x1406      	BSF        LCD_D4, BitPos(LCD_D4+0)
;__Lib_Lcd.c,144 :: 		
0x0231	0x1686      	BSF        LCD_EN, BitPos(LCD_EN+0)
;__Lib_Lcd.c,145 :: 		
0x0232	0x23C0      	CALL       _Delay_1us
;__Lib_Lcd.c,146 :: 		
0x0233	0x1286      	BCF        LCD_EN, BitPos(LCD_EN+0)
;__Lib_Lcd.c,148 :: 		
0x0234	0x1006      	BCF        LCD_D4, BitPos(LCD_D4+0)
;__Lib_Lcd.c,149 :: 		
0x0235	0x1686      	BSF        LCD_EN, BitPos(LCD_EN+0)
;__Lib_Lcd.c,150 :: 		
0x0236	0x23C0      	CALL       _Delay_1us
;__Lib_Lcd.c,151 :: 		
0x0237	0x1286      	BCF        LCD_EN, BitPos(LCD_EN+0)
;__Lib_Lcd.c,152 :: 		
0x0238	0x2395      	CALL       _Delay_5500us
;__Lib_Lcd.c,155 :: 		
0x0239	0x1686      	BSF        LCD_EN, BitPos(LCD_EN+0)
;__Lib_Lcd.c,156 :: 		
0x023A	0x23C0      	CALL       _Delay_1us
;__Lib_Lcd.c,157 :: 		
0x023B	0x1286      	BCF        LCD_EN, BitPos(LCD_EN+0)
;__Lib_Lcd.c,159 :: 		
0x023C	0x1406      	BSF        LCD_D4, BitPos(LCD_D4+0)
;__Lib_Lcd.c,160 :: 		
0x023D	0x1686      	BSF        LCD_EN, BitPos(LCD_EN+0)
;__Lib_Lcd.c,161 :: 		
0x023E	0x23C0      	CALL       _Delay_1us
;__Lib_Lcd.c,162 :: 		
0x023F	0x1286      	BCF        LCD_EN, BitPos(LCD_EN+0)
;__Lib_Lcd.c,163 :: 		
0x0240	0x2395      	CALL       _Delay_5500us
;__Lib_Lcd.c,166 :: 		
0x0241	0x1006      	BCF        LCD_D4, BitPos(LCD_D4+0)
;__Lib_Lcd.c,167 :: 		
0x0242	0x1686      	BSF        LCD_EN, BitPos(LCD_EN+0)
;__Lib_Lcd.c,168 :: 		
0x0243	0x23C0      	CALL       _Delay_1us
;__Lib_Lcd.c,169 :: 		
0x0244	0x1286      	BCF        LCD_EN, BitPos(LCD_EN+0)
;__Lib_Lcd.c,171 :: 		
0x0245	0x1586      	BSF        LCD_D7, BitPos(LCD_D7+0)
;__Lib_Lcd.c,172 :: 		
0x0246	0x1506      	BSF        LCD_D6, BitPos(LCD_D6+0)
;__Lib_Lcd.c,173 :: 		
0x0247	0x1486      	BSF        LCD_D5, BitPos(LCD_D5+0)
;__Lib_Lcd.c,174 :: 		
0x0248	0x1406      	BSF        LCD_D4, BitPos(LCD_D4+0)
;__Lib_Lcd.c,175 :: 		
0x0249	0x1686      	BSF        LCD_EN, BitPos(LCD_EN+0)
;__Lib_Lcd.c,176 :: 		
0x024A	0x23C0      	CALL       _Delay_1us
;__Lib_Lcd.c,177 :: 		
0x024B	0x1286      	BCF        LCD_EN, BitPos(LCD_EN+0)
;__Lib_Lcd.c,179 :: 		
0x024C	0x2395      	CALL       _Delay_5500us
;__Lib_Lcd.c,181 :: 		
0x024D	0x141F      	BSF        __Lib_Lcd_cmd_status, BitPos(__Lib_Lcd_cmd_status+0)
;__Lib_Lcd.c,182 :: 		
L_end_Lcd_Init:
0x024E	0x0008      	RETURN
; end of _Lcd_Init
_WordToStr:
;__Lib_Conversions.c,98 :: 		
;__Lib_Conversions.c,103 :: 		
0x024F	0x1283      	BCF        STATUS, 5
0x0250	0x01BA      	CLRF       WordToStr_len_L0
L_WordToStr11:
0x0251	0x3005      	MOVLW      5
0x0252	0x023A      	SUBWF      WordToStr_len_L0, 0
0x0253	0x1803      	BTFSC      STATUS, 0
0x0254	0x2A5C      	GOTO       L_WordToStr12
;__Lib_Conversions.c,104 :: 		
0x0255	0x083A      	MOVF       WordToStr_len_L0, 0
0x0256	0x0739      	ADDWF      FARG_WordToStr_output, 0
0x0257	0x0084      	MOVWF      FSR
0x0258	0x3020      	MOVLW      32
0x0259	0x0080      	MOVWF      INDF
;__Lib_Conversions.c,103 :: 		
0x025A	0x0ABA      	INCF       WordToStr_len_L0, 1
;__Lib_Conversions.c,104 :: 		
0x025B	0x2A51      	GOTO       L_WordToStr11
L_WordToStr12:
;__Lib_Conversions.c,105 :: 		
0x025C	0x083A      	MOVF       WordToStr_len_L0, 0
0x025D	0x0739      	ADDWF      FARG_WordToStr_output, 0
0x025E	0x0084      	MOVWF      FSR
0x025F	0x0180      	CLRF       INDF
0x0260	0x03BA      	DECF       WordToStr_len_L0, 1
;__Lib_Conversions.c,107 :: 		
L_WordToStr14:
;__Lib_Conversions.c,108 :: 		
0x0261	0x083A      	MOVF       WordToStr_len_L0, 0
0x0262	0x0739      	ADDWF      FARG_WordToStr_output, 0
0x0263	0x00BB      	MOVWF      FLOC__WordToStr
0x0264	0x300A      	MOVLW      10
0x0265	0x00C4      	MOVWF      R4
0x0266	0x01C5      	CLRF       R4+1
0x0267	0x0837      	MOVF       FARG_WordToStr_input, 0
0x0268	0x00C0      	MOVWF      R0
0x0269	0x0838      	MOVF       FARG_WordToStr_input+1, 0
0x026A	0x00C1      	MOVWF      R0+1
0x026B	0x2367      	CALL       _Div_16X16_U
0x026C	0x0848      	MOVF       R8, 0
0x026D	0x00C0      	MOVWF      R0
0x026E	0x0849      	MOVF       R8+1, 0
0x026F	0x00C1      	MOVWF      R0+1
0x0270	0x3030      	MOVLW      48
0x0271	0x07C0      	ADDWF      R0, 1
0x0272	0x083B      	MOVF       FLOC__WordToStr, 0
0x0273	0x0084      	MOVWF      FSR
0x0274	0x0840      	MOVF       R0, 0
0x0275	0x0080      	MOVWF      INDF
;__Lib_Conversions.c,109 :: 		
0x0276	0x300A      	MOVLW      10
0x0277	0x00C4      	MOVWF      R4
0x0278	0x01C5      	CLRF       R4+1
0x0279	0x0837      	MOVF       FARG_WordToStr_input, 0
0x027A	0x00C0      	MOVWF      R0
0x027B	0x0838      	MOVF       FARG_WordToStr_input+1, 0
0x027C	0x00C1      	MOVWF      R0+1
0x027D	0x2367      	CALL       _Div_16X16_U
0x027E	0x0840      	MOVF       R0, 0
0x027F	0x00B7      	MOVWF      FARG_WordToStr_input
0x0280	0x0841      	MOVF       R0+1, 0
0x0281	0x00B8      	MOVWF      FARG_WordToStr_input+1
;__Lib_Conversions.c,110 :: 		
0x0282	0x3000      	MOVLW      0
0x0283	0x0641      	XORWF      R0+1, 0
0x0284	0x1D03      	BTFSS      STATUS, 2
0x0285	0x2A88      	GOTO       L__WordToStr159
0x0286	0x3000      	MOVLW      0
0x0287	0x0640      	XORWF      R0, 0
L__WordToStr159:
0x0288	0x1D03      	BTFSS      STATUS, 2
0x0289	0x2A8B      	GOTO       L_WordToStr16
;__Lib_Conversions.c,111 :: 		
0x028A	0x2A8D      	GOTO       L_WordToStr15
L_WordToStr16:
;__Lib_Conversions.c,112 :: 		
0x028B	0x03BA      	DECF       WordToStr_len_L0, 1
;__Lib_Conversions.c,113 :: 		
0x028C	0x2A61      	GOTO       L_WordToStr14
L_WordToStr15:
;__Lib_Conversions.c,114 :: 		
L_end_WordToStr:
0x028D	0x0008      	RETURN
; end of _WordToStr
_Lcd_Cmd:
;__Lib_Lcd.c,18 :: 		
;__Lib_Lcd.c,20 :: 		
0x028E	0x1283      	BCF        STATUS, 5
0x028F	0x1BBC      	BTFSC      FARG_Lcd_Cmd_out_char, 7
0x0290	0x2A93      	GOTO       L__Lcd_Cmd21
0x0291	0x1186      	BCF        LCD_D7, BitPos(LCD_D7+0)
0x0292	0x2A94      	GOTO       L__Lcd_Cmd22
L__Lcd_Cmd21:
0x0293	0x1586      	BSF        LCD_D7, BitPos(LCD_D7+0)
L__Lcd_Cmd22:
;__Lib_Lcd.c,21 :: 		
0x0294	0x1B3C      	BTFSC      FARG_Lcd_Cmd_out_char, 6
0x0295	0x2A98      	GOTO       L__Lcd_Cmd23
0x0296	0x1106      	BCF        LCD_D6, BitPos(LCD_D6+0)
0x0297	0x2A99      	GOTO       L__Lcd_Cmd24
L__Lcd_Cmd23:
0x0298	0x1506      	BSF        LCD_D6, BitPos(LCD_D6+0)
L__Lcd_Cmd24:
;__Lib_Lcd.c,22 :: 		
0x0299	0x1ABC      	BTFSC      FARG_Lcd_Cmd_out_char, 5
0x029A	0x2A9D      	GOTO       L__Lcd_Cmd25
0x029B	0x1086      	BCF        LCD_D5, BitPos(LCD_D5+0)
0x029C	0x2A9E      	GOTO       L__Lcd_Cmd26
L__Lcd_Cmd25:
0x029D	0x1486      	BSF        LCD_D5, BitPos(LCD_D5+0)
L__Lcd_Cmd26:
;__Lib_Lcd.c,23 :: 		
0x029E	0x1A3C      	BTFSC      FARG_Lcd_Cmd_out_char, 4
0x029F	0x2AA2      	GOTO       L__Lcd_Cmd27
0x02A0	0x1006      	BCF        LCD_D4, BitPos(LCD_D4+0)
0x02A1	0x2AA3      	GOTO       L__Lcd_Cmd28
L__Lcd_Cmd27:
0x02A2	0x1406      	BSF        LCD_D4, BitPos(LCD_D4+0)
L__Lcd_Cmd28:
;__Lib_Lcd.c,25 :: 		
0x02A3	0x181F      	BTFSC      __Lib_Lcd_cmd_status, BitPos(__Lib_Lcd_cmd_status+0)
0x02A4	0x2AA7      	GOTO       L__Lcd_Cmd29
0x02A5	0x1606      	BSF        LCD_RS, BitPos(LCD_RS+0)
0x02A6	0x2AA8      	GOTO       L__Lcd_Cmd30
L__Lcd_Cmd29:
0x02A7	0x1206      	BCF        LCD_RS, BitPos(LCD_RS+0)
L__Lcd_Cmd30:
;__Lib_Lcd.c,28 :: 		
0x02A8	0x1686      	BSF        LCD_EN, BitPos(LCD_EN+0)
;__Lib_Lcd.c,29 :: 		
0x02A9	0x23C0      	CALL       _Delay_1us
;__Lib_Lcd.c,30 :: 		
0x02AA	0x1286      	BCF        LCD_EN, BitPos(LCD_EN+0)
;__Lib_Lcd.c,33 :: 		
0x02AB	0x19BC      	BTFSC      FARG_Lcd_Cmd_out_char, 3
0x02AC	0x2AAF      	GOTO       L__Lcd_Cmd31
0x02AD	0x1186      	BCF        LCD_D7, BitPos(LCD_D7+0)
0x02AE	0x2AB0      	GOTO       L__Lcd_Cmd32
L__Lcd_Cmd31:
0x02AF	0x1586      	BSF        LCD_D7, BitPos(LCD_D7+0)
L__Lcd_Cmd32:
;__Lib_Lcd.c,34 :: 		
0x02B0	0x193C      	BTFSC      FARG_Lcd_Cmd_out_char, 2
0x02B1	0x2AB4      	GOTO       L__Lcd_Cmd33
0x02B2	0x1106      	BCF        LCD_D6, BitPos(LCD_D6+0)
0x02B3	0x2AB5      	GOTO       L__Lcd_Cmd34
L__Lcd_Cmd33:
0x02B4	0x1506      	BSF        LCD_D6, BitPos(LCD_D6+0)
L__Lcd_Cmd34:
;__Lib_Lcd.c,35 :: 		
0x02B5	0x18BC      	BTFSC      FARG_Lcd_Cmd_out_char, 1
0x02B6	0x2AB9      	GOTO       L__Lcd_Cmd35
0x02B7	0x1086      	BCF        LCD_D5, BitPos(LCD_D5+0)
0x02B8	0x2ABA      	GOTO       L__Lcd_Cmd36
L__Lcd_Cmd35:
0x02B9	0x1486      	BSF        LCD_D5, BitPos(LCD_D5+0)
L__Lcd_Cmd36:
;__Lib_Lcd.c,36 :: 		
0x02BA	0x183C      	BTFSC      FARG_Lcd_Cmd_out_char, 0
0x02BB	0x2ABE      	GOTO       L__Lcd_Cmd37
0x02BC	0x1006      	BCF        LCD_D4, BitPos(LCD_D4+0)
0x02BD	0x2ABF      	GOTO       L__Lcd_Cmd38
L__Lcd_Cmd37:
0x02BE	0x1406      	BSF        LCD_D4, BitPos(LCD_D4+0)
L__Lcd_Cmd38:
;__Lib_Lcd.c,38 :: 		
0x02BF	0x181F      	BTFSC      __Lib_Lcd_cmd_status, BitPos(__Lib_Lcd_cmd_status+0)
0x02C0	0x2AC3      	GOTO       L__Lcd_Cmd39
0x02C1	0x1606      	BSF        LCD_RS, BitPos(LCD_RS+0)
0x02C2	0x2AC4      	GOTO       L__Lcd_Cmd40
L__Lcd_Cmd39:
0x02C3	0x1206      	BCF        LCD_RS, BitPos(LCD_RS+0)
L__Lcd_Cmd40:
;__Lib_Lcd.c,40 :: 		
0x02C4	0x1686      	BSF        LCD_EN, BitPos(LCD_EN+0)
;__Lib_Lcd.c,41 :: 		
0x02C5	0x23C0      	CALL       _Delay_1us
;__Lib_Lcd.c,42 :: 		
0x02C6	0x1286      	BCF        LCD_EN, BitPos(LCD_EN+0)
;__Lib_Lcd.c,44 :: 		
0x02C7	0x1C1F      	BTFSS      __Lib_Lcd_cmd_status, BitPos(__Lib_Lcd_cmd_status+0)
0x02C8	0x2ACB      	GOTO       L_Lcd_Cmd0
;__Lib_Lcd.c,45 :: 		
0x02C9	0x2395      	CALL       _Delay_5500us
0x02CA	0x2ACC      	GOTO       L_Lcd_Cmd1
L_Lcd_Cmd0:
;__Lib_Lcd.c,47 :: 		
0x02CB	0x23B4      	CALL       _Delay_50us
L_Lcd_Cmd1:
;__Lib_Lcd.c,48 :: 		
L_end_Lcd_Cmd:
0x02CC	0x0008      	RETURN
; end of _Lcd_Cmd
_Lcd_Out:
;__Lib_Lcd.c,184 :: 		
;__Lib_Lcd.c,187 :: 		
0x02CD	0x2ADE      	GOTO       L_Lcd_Out11
;__Lib_Lcd.c,188 :: 		
L_Lcd_Out13:
0x02CE	0x3080      	MOVLW      128
0x02CF	0x1283      	BCF        STATUS, 5
0x02D0	0x00AE      	MOVWF      FARG_Lcd_Out_row
0x02D1	0x2AEF      	GOTO       L_Lcd_Out12
;__Lib_Lcd.c,189 :: 		
L_Lcd_Out14:
0x02D2	0x30C0      	MOVLW      192
0x02D3	0x00AE      	MOVWF      FARG_Lcd_Out_row
0x02D4	0x2AEF      	GOTO       L_Lcd_Out12
;__Lib_Lcd.c,190 :: 		
L_Lcd_Out15:
0x02D5	0x3094      	MOVLW      148
0x02D6	0x00AE      	MOVWF      FARG_Lcd_Out_row
0x02D7	0x2AEF      	GOTO       L_Lcd_Out12
;__Lib_Lcd.c,191 :: 		
L_Lcd_Out16:
0x02D8	0x30D4      	MOVLW      212
0x02D9	0x00AE      	MOVWF      FARG_Lcd_Out_row
0x02DA	0x2AEF      	GOTO       L_Lcd_Out12
;__Lib_Lcd.c,192 :: 		
L_Lcd_Out17:
0x02DB	0x3080      	MOVLW      128
0x02DC	0x00AE      	MOVWF      FARG_Lcd_Out_row
;__Lib_Lcd.c,193 :: 		
0x02DD	0x2AEF      	GOTO       L_Lcd_Out12
L_Lcd_Out11:
0x02DE	0x082E      	MOVF       FARG_Lcd_Out_row, 0
0x02DF	0x3A01      	XORLW      1
0x02E0	0x1903      	BTFSC      STATUS, 2
0x02E1	0x2ACE      	GOTO       L_Lcd_Out13
0x02E2	0x082E      	MOVF       FARG_Lcd_Out_row, 0
0x02E3	0x3A02      	XORLW      2
0x02E4	0x1903      	BTFSC      STATUS, 2
0x02E5	0x2AD2      	GOTO       L_Lcd_Out14
0x02E6	0x082E      	MOVF       FARG_Lcd_Out_row, 0
0x02E7	0x3A03      	XORLW      3
0x02E8	0x1903      	BTFSC      STATUS, 2
0x02E9	0x2AD5      	GOTO       L_Lcd_Out15
0x02EA	0x082E      	MOVF       FARG_Lcd_Out_row, 0
0x02EB	0x3A04      	XORLW      4
0x02EC	0x1903      	BTFSC      STATUS, 2
0x02ED	0x2AD8      	GOTO       L_Lcd_Out16
0x02EE	0x2ADB      	GOTO       L_Lcd_Out17
L_Lcd_Out12:
;__Lib_Lcd.c,194 :: 		
0x02EF	0x032F      	DECF       FARG_Lcd_Out_column, 0
0x02F0	0x00C0      	MOVWF      R0
0x02F1	0x082E      	MOVF       FARG_Lcd_Out_row, 0
0x02F2	0x07C0      	ADDWF      R0, 1
0x02F3	0x0840      	MOVF       R0, 0
0x02F4	0x00AE      	MOVWF      FARG_Lcd_Out_row
;__Lib_Lcd.c,196 :: 		
0x02F5	0x0840      	MOVF       R0, 0
0x02F6	0x00BC      	MOVWF      FARG_Lcd_Cmd_out_char
0x02F7	0x228E      	CALL       _Lcd_Cmd
;__Lib_Lcd.c,197 :: 		
0x02F8	0x101F      	BCF        __Lib_Lcd_cmd_status, BitPos(__Lib_Lcd_cmd_status+0)
;__Lib_Lcd.c,198 :: 		
0x02F9	0x01B1      	CLRF       Lcd_Out_i_L0
;__Lib_Lcd.c,199 :: 		
L_Lcd_Out18:
0x02FA	0x0831      	MOVF       Lcd_Out_i_L0, 0
0x02FB	0x0730      	ADDWF      FARG_Lcd_Out_text, 0
0x02FC	0x0084      	MOVWF      FSR
0x02FD	0x0800      	MOVF       INDF, 0
0x02FE	0x1903      	BTFSC      STATUS, 2
0x02FF	0x2B08      	GOTO       L_Lcd_Out19
;__Lib_Lcd.c,200 :: 		
0x0300	0x0831      	MOVF       Lcd_Out_i_L0, 0
0x0301	0x0730      	ADDWF      FARG_Lcd_Out_text, 0
0x0302	0x0084      	MOVWF      FSR
0x0303	0x0800      	MOVF       INDF, 0
0x0304	0x00B7      	MOVWF      FARG_Lcd_Chr_CP_out_char
0x0305	0x23AD      	CALL       _Lcd_Chr_CP
0x0306	0x0AB1      	INCF       Lcd_Out_i_L0, 1
0x0307	0x2AFA      	GOTO       L_Lcd_Out18
L_Lcd_Out19:
;__Lib_Lcd.c,201 :: 		
0x0308	0x141F      	BSF        __Lib_Lcd_cmd_status, BitPos(__Lib_Lcd_cmd_status+0)
;__Lib_Lcd.c,202 :: 		
L_end_Lcd_Out:
0x0309	0x0008      	RETURN
; end of _Lcd_Out
_Lcd_Chr:
;__Lib_Lcd.c,65 :: 		
;__Lib_Lcd.c,66 :: 		
0x030A	0x2B1B      	GOTO       L_Lcd_Chr4
;__Lib_Lcd.c,67 :: 		
L_Lcd_Chr6:
0x030B	0x3080      	MOVLW      128
0x030C	0x1283      	BCF        STATUS, 5
0x030D	0x00AE      	MOVWF      FARG_Lcd_Chr_row
0x030E	0x2B2C      	GOTO       L_Lcd_Chr5
;__Lib_Lcd.c,68 :: 		
L_Lcd_Chr7:
0x030F	0x30C0      	MOVLW      192
0x0310	0x00AE      	MOVWF      FARG_Lcd_Chr_row
0x0311	0x2B2C      	GOTO       L_Lcd_Chr5
;__Lib_Lcd.c,69 :: 		
L_Lcd_Chr8:
0x0312	0x3094      	MOVLW      148
0x0313	0x00AE      	MOVWF      FARG_Lcd_Chr_row
0x0314	0x2B2C      	GOTO       L_Lcd_Chr5
;__Lib_Lcd.c,70 :: 		
L_Lcd_Chr9:
0x0315	0x30D4      	MOVLW      212
0x0316	0x00AE      	MOVWF      FARG_Lcd_Chr_row
0x0317	0x2B2C      	GOTO       L_Lcd_Chr5
;__Lib_Lcd.c,71 :: 		
L_Lcd_Chr10:
0x0318	0x3080      	MOVLW      128
0x0319	0x00AE      	MOVWF      FARG_Lcd_Chr_row
;__Lib_Lcd.c,72 :: 		
0x031A	0x2B2C      	GOTO       L_Lcd_Chr5
L_Lcd_Chr4:
0x031B	0x082E      	MOVF       FARG_Lcd_Chr_row, 0
0x031C	0x3A01      	XORLW      1
0x031D	0x1903      	BTFSC      STATUS, 2
0x031E	0x2B0B      	GOTO       L_Lcd_Chr6
0x031F	0x082E      	MOVF       FARG_Lcd_Chr_row, 0
0x0320	0x3A02      	XORLW      2
0x0321	0x1903      	BTFSC      STATUS, 2
0x0322	0x2B0F      	GOTO       L_Lcd_Chr7
0x0323	0x082E      	MOVF       FARG_Lcd_Chr_row, 0
0x0324	0x3A03      	XORLW      3
0x0325	0x1903      	BTFSC      STATUS, 2
0x0326	0x2B12      	GOTO       L_Lcd_Chr8
0x0327	0x082E      	MOVF       FARG_Lcd_Chr_row, 0
0x0328	0x3A04      	XORLW      4
0x0329	0x1903      	BTFSC      STATUS, 2
0x032A	0x2B15      	GOTO       L_Lcd_Chr9
0x032B	0x2B18      	GOTO       L_Lcd_Chr10
L_Lcd_Chr5:
;__Lib_Lcd.c,74 :: 		
0x032C	0x032F      	DECF       FARG_Lcd_Chr_column, 0
0x032D	0x00C0      	MOVWF      R0
0x032E	0x082E      	MOVF       FARG_Lcd_Chr_row, 0
0x032F	0x07C0      	ADDWF      R0, 1
0x0330	0x0840      	MOVF       R0, 0
0x0331	0x00AE      	MOVWF      FARG_Lcd_Chr_row
;__Lib_Lcd.c,76 :: 		
0x0332	0x141F      	BSF        __Lib_Lcd_cmd_status, BitPos(__Lib_Lcd_cmd_status+0)
;__Lib_Lcd.c,77 :: 		
0x0333	0x0840      	MOVF       R0, 0
0x0334	0x00BC      	MOVWF      FARG_Lcd_Cmd_out_char
0x0335	0x228E      	CALL       _Lcd_Cmd
;__Lib_Lcd.c,79 :: 		
0x0336	0x101F      	BCF        __Lib_Lcd_cmd_status, BitPos(__Lib_Lcd_cmd_status+0)
;__Lib_Lcd.c,80 :: 		
0x0337	0x0830      	MOVF       FARG_Lcd_Chr_out_char, 0
0x0338	0x00BC      	MOVWF      FARG_Lcd_Cmd_out_char
0x0339	0x228E      	CALL       _Lcd_Cmd
;__Lib_Lcd.c,81 :: 		
0x033A	0x141F      	BSF        __Lib_Lcd_cmd_status, BitPos(__Lib_Lcd_cmd_status+0)
;__Lib_Lcd.c,82 :: 		
L_end_Lcd_Chr:
0x033B	0x0008      	RETURN
; end of _Lcd_Chr
_Mul_16X16_U:
;__Lib_Math.c,136 :: 		
;__Lib_Math.c,143 :: 		
0x033C	0x1283      	BCF        STATUS, 5
;__Lib_Math.c,144 :: 		
0x033D	0x1303      	BCF        STATUS, 6
;__Lib_Math.c,145 :: 		
0x033E	0x01CB      	CLRF       R11
;__Lib_Math.c,146 :: 		
0x033F	0x01CA      	CLRF       R10
;__Lib_Math.c,147 :: 		
0x0340	0x01C9      	CLRF       R9
;__Lib_Math.c,148 :: 		
0x0341	0x3080      	MOVLW      128
;__Lib_Math.c,149 :: 		
0x0342	0x00C8      	MOVWF      R8
;__Lib_Math.c,150 :: 		
0x0343	0x0CC1      	RRF        R1, 1
;__Lib_Math.c,151 :: 		
0x0344	0x0CC0      	RRF        R0, 1
;__Lib_Math.c,152 :: 		
0x0345	0x1C03      	BTFSS      STATUS, 0
;__Lib_Math.c,153 :: 		
0x0346	0x2B50      	GOTO       $+10
;__Lib_Math.c,154 :: 		
0x0347	0x0844      	MOVF       R4, 0
;__Lib_Math.c,155 :: 		
0x0348	0x07C9      	ADDWF      R9, 1
;__Lib_Math.c,156 :: 		
0x0349	0x0845      	MOVF       R5, 0
;__Lib_Math.c,157 :: 		
0x034A	0x1803      	BTFSC      STATUS, 0
;__Lib_Math.c,158 :: 		
0x034B	0x0F45      	INCFSZ     R5, 0
;__Lib_Math.c,159 :: 		
0x034C	0x07CA      	ADDWF      R10, 1
;__Lib_Math.c,160 :: 		
0x034D	0x1803      	BTFSC      STATUS, 0
;__Lib_Math.c,161 :: 		
0x034E	0x0ACB      	INCF       R11, 1
;__Lib_Math.c,162 :: 		
0x034F	0x1003      	BCF        STATUS, 0
;__Lib_Math.c,163 :: 		
0x0350	0x1FC0      	BTFSS      R0, 7
;__Lib_Math.c,164 :: 		
0x0351	0x2B58      	GOTO       $+7
;__Lib_Math.c,165 :: 		
0x0352	0x0844      	MOVF       R4, 0
;__Lib_Math.c,166 :: 		
0x0353	0x07CA      	ADDWF      R10, 1
;__Lib_Math.c,167 :: 		
0x0354	0x0845      	MOVF       R5, 0
;__Lib_Math.c,168 :: 		
0x0355	0x1803      	BTFSC      STATUS, 0
;__Lib_Math.c,169 :: 		
0x0356	0x0F45      	INCFSZ     R5, 0
;__Lib_Math.c,170 :: 		
0x0357	0x07CB      	ADDWF      R11, 1
;__Lib_Math.c,171 :: 		
0x0358	0x0CCB      	RRF        R11, 1
;__Lib_Math.c,172 :: 		
0x0359	0x0CCA      	RRF        R10, 1
;__Lib_Math.c,173 :: 		
0x035A	0x0CC9      	RRF        R9, 1
;__Lib_Math.c,174 :: 		
0x035B	0x0CC8      	RRF        R8, 1
;__Lib_Math.c,175 :: 		
0x035C	0x1C03      	BTFSS      STATUS, 0
;__Lib_Math.c,176 :: 		
0x035D	0x2B43      	GOTO       $-26
;__Lib_Math.c,177 :: 		
0x035E	0x084B      	MOVF       R11, 0
;__Lib_Math.c,178 :: 		
0x035F	0x00C3      	MOVWF      R3
;__Lib_Math.c,179 :: 		
0x0360	0x084A      	MOVF       R10, 0
;__Lib_Math.c,180 :: 		
0x0361	0x00C2      	MOVWF      R2
;__Lib_Math.c,181 :: 		
0x0362	0x0849      	MOVF       R9, 0
;__Lib_Math.c,182 :: 		
0x0363	0x00C1      	MOVWF      R1
;__Lib_Math.c,183 :: 		
0x0364	0x0848      	MOVF       R8, 0
;__Lib_Math.c,184 :: 		
0x0365	0x00C0      	MOVWF      R0
;__Lib_Math.c,187 :: 		
L_end_Mul_16X16_U:
0x0366	0x0008      	RETURN
; end of _Mul_16X16_U
_Div_16X16_U:
;__Lib_Math.c,215 :: 		
;__Lib_Math.c,222 :: 		
0x0367	0x1283      	BCF        STATUS, 5
;__Lib_Math.c,223 :: 		
0x0368	0x1303      	BCF        STATUS, 6
;__Lib_Math.c,224 :: 		
0x0369	0x01C8      	CLRF       R8
;__Lib_Math.c,225 :: 		
0x036A	0x01C9      	CLRF       R9
;__Lib_Math.c,226 :: 		
0x036B	0x3010      	MOVLW      16
;__Lib_Math.c,227 :: 		
0x036C	0x00CC      	MOVWF      R12
;__Lib_Math.c,228 :: 		
0x036D	0x0D41      	RLF        R1, 0
;__Lib_Math.c,229 :: 		
0x036E	0x0DC8      	RLF        R8, 1
;__Lib_Math.c,230 :: 		
0x036F	0x0DC9      	RLF        R9, 1
;__Lib_Math.c,231 :: 		
0x0370	0x0844      	MOVF       R4, 0
;__Lib_Math.c,232 :: 		
0x0371	0x02C8      	SUBWF      R8, 1
;__Lib_Math.c,233 :: 		
0x0372	0x0845      	MOVF       R5, 0
;__Lib_Math.c,234 :: 		
0x0373	0x1C03      	BTFSS      STATUS, 0
;__Lib_Math.c,235 :: 		
0x0374	0x0F45      	INCFSZ     R5, 0
;__Lib_Math.c,236 :: 		
0x0375	0x02C9      	SUBWF      R9, 1
;__Lib_Math.c,237 :: 		
0x0376	0x1803      	BTFSC      STATUS, 0
;__Lib_Math.c,238 :: 		
0x0377	0x2B7F      	GOTO       $+8
;__Lib_Math.c,239 :: 		
0x0378	0x0844      	MOVF       R4, 0
;__Lib_Math.c,240 :: 		
0x0379	0x07C8      	ADDWF      R8, 1
;__Lib_Math.c,241 :: 		
0x037A	0x0845      	MOVF       R5, 0
;__Lib_Math.c,242 :: 		
0x037B	0x1803      	BTFSC      STATUS, 0
;__Lib_Math.c,243 :: 		
0x037C	0x0F45      	INCFSZ     R5, 0
;__Lib_Math.c,244 :: 		
0x037D	0x07C9      	ADDWF      R9, 1
;__Lib_Math.c,245 :: 		
0x037E	0x1003      	BCF        STATUS, 0
;__Lib_Math.c,246 :: 		
0x037F	0x0DC0      	RLF        R0, 1
;__Lib_Math.c,247 :: 		
0x0380	0x0DC1      	RLF        R1, 1
;__Lib_Math.c,248 :: 		
0x0381	0x0BCC      	DECFSZ     R12, 1
;__Lib_Math.c,249 :: 		
0x0382	0x2B6D      	GOTO       $-21
;__Lib_Math.c,251 :: 		
L_end_Div_16X16_U:
0x0383	0x0008      	RETURN
; end of _Div_16X16_U
_Lcd_Out_CP:
;__Lib_Lcd.c,57 :: 		
;__Lib_Lcd.c,58 :: 		
0x0384	0x1283      	BCF        STATUS, 5
0x0385	0x01AF      	CLRF       Lcd_Out_CP_i_L0
;__Lib_Lcd.c,60 :: 		
L_Lcd_Out_CP2:
0x0386	0x082F      	MOVF       Lcd_Out_CP_i_L0, 0
0x0387	0x072E      	ADDWF      FARG_Lcd_Out_CP_text, 0
0x0388	0x0084      	MOVWF      FSR
0x0389	0x0800      	MOVF       INDF, 0
0x038A	0x1903      	BTFSC      STATUS, 2
0x038B	0x2B94      	GOTO       L_Lcd_Out_CP3
;__Lib_Lcd.c,61 :: 		
0x038C	0x082F      	MOVF       Lcd_Out_CP_i_L0, 0
0x038D	0x072E      	ADDWF      FARG_Lcd_Out_CP_text, 0
0x038E	0x0084      	MOVWF      FSR
0x038F	0x0800      	MOVF       INDF, 0
0x0390	0x00B7      	MOVWF      FARG_Lcd_Chr_CP_out_char
0x0391	0x23AD      	CALL       _Lcd_Chr_CP
0x0392	0x0AAF      	INCF       Lcd_Out_CP_i_L0, 1
;__Lib_Lcd.c,62 :: 		
0x0393	0x2B86      	GOTO       L_Lcd_Out_CP2
L_Lcd_Out_CP3:
;__Lib_Lcd.c,63 :: 		
L_end_Lcd_Out_CP:
0x0394	0x0008      	RETURN
; end of _Lcd_Out_CP
_Delay_5500us:
;__Lib_Delays.c,31 :: 		void Delay_5500us() {
;__Lib_Delays.c,32 :: 		Delay_us(5500);
0x0395	0x300F      	MOVLW      15
0x0396	0x1283      	BCF        STATUS, 5
0x0397	0x00CC      	MOVWF      R12
0x0398	0x3047      	MOVLW      71
0x0399	0x00CD      	MOVWF      R13
L_Delay_5500us5:
0x039A	0x0BCD      	DECFSZ     R13, 1
0x039B	0x2B9A      	GOTO       L_Delay_5500us5
0x039C	0x0BCC      	DECFSZ     R12, 1
0x039D	0x2B9A      	GOTO       L_Delay_5500us5
0x039E	0x0000      	NOP
0x039F	0x0000      	NOP
;__Lib_Delays.c,33 :: 		}
L_end_Delay_5500us:
0x03A0	0x0008      	RETURN
; end of _Delay_5500us
___CC2DW:
;__Lib_System.c,134 :: 		
;__Lib_System.c,137 :: 		
_CC2D_Loop1:
;__Lib_System.c,139 :: 		
0x03A1	0x23BA      	CALL       _____DoICP
0x03A2	0x118A      	BCF        PCLATH, 3
0x03A3	0x120A      	BCF        PCLATH, 4
;__Lib_System.c,141 :: 		
0x03A4	0x0080      	MOVWF      INDF
;__Lib_System.c,142 :: 		
0x03A5	0x0A84      	INCF       FSR, 1
;__Lib_System.c,143 :: 		
0x03A6	0x0AA7      	INCF       ___DoICPAddr, 1
;__Lib_System.c,145 :: 		
0x03A7	0x1903      	BTFSC      STATUS, 2
;__Lib_System.c,146 :: 		
0x03A8	0x0AA8      	INCF       ___DoICPAddr+1, 1
;__Lib_System.c,147 :: 		
0x03A9	0x03C0      	DECF       R0, 1
;__Lib_System.c,149 :: 		
0x03AA	0x1D03      	BTFSS      STATUS, 2
;__Lib_System.c,150 :: 		
0x03AB	0x2BA1      	GOTO       _CC2D_Loop1
;__Lib_System.c,152 :: 		
L_end___CC2DW:
0x03AC	0x0008      	RETURN
; end of ___CC2DW
_Lcd_Chr_CP:
;__Lib_Lcd.c,50 :: 		
;__Lib_Lcd.c,52 :: 		
0x03AD	0x1283      	BCF        STATUS, 5
0x03AE	0x101F      	BCF        __Lib_Lcd_cmd_status, BitPos(__Lib_Lcd_cmd_status+0)
;__Lib_Lcd.c,53 :: 		
0x03AF	0x0837      	MOVF       FARG_Lcd_Chr_CP_out_char, 0
0x03B0	0x00BC      	MOVWF      FARG_Lcd_Cmd_out_char
0x03B1	0x228E      	CALL       _Lcd_Cmd
;__Lib_Lcd.c,54 :: 		
0x03B2	0x141F      	BSF        __Lib_Lcd_cmd_status, BitPos(__Lib_Lcd_cmd_status+0)
;__Lib_Lcd.c,55 :: 		
L_end_Lcd_Chr_CP:
0x03B3	0x0008      	RETURN
; end of _Lcd_Chr_CP
_Delay_50us:
;__Lib_Delays.c,19 :: 		void Delay_50us() {
;__Lib_Delays.c,20 :: 		Delay_us(50);
0x03B4	0x3021      	MOVLW      33
0x03B5	0x1283      	BCF        STATUS, 5
0x03B6	0x00CD      	MOVWF      R13
L_Delay_50us2:
0x03B7	0x0BCD      	DECFSZ     R13, 1
0x03B8	0x2BB7      	GOTO       L_Delay_50us2
;__Lib_Delays.c,21 :: 		}
L_end_Delay_50us:
0x03B9	0x0008      	RETURN
; end of _Delay_50us
_____DoICP:
;__Lib_System.c,6 :: 		
;__Lib_System.c,9 :: 		
0x03BA	0x1283      	BCF        STATUS, 5
0x03BB	0x0828      	MOVF       ___DoICPAddr+1, 0
0x03BC	0x008A      	MOVWF      PCLATH
;__Lib_System.c,10 :: 		
0x03BD	0x0827      	MOVF       ___DoICPAddr, 0
0x03BE	0x0082      	MOVWF      PCL
;__Lib_System.c,12 :: 		
L_end_____DoICP:
0x03BF	0x0008      	RETURN
; end of _____DoICP
_Delay_1us:
;__Lib_Delays.c,7 :: 		void Delay_1us() {
;__Lib_Delays.c,8 :: 		Delay_us(1);
0x03C0	0x0000      	NOP
0x03C1	0x0000      	NOP
;__Lib_Delays.c,9 :: 		}
L_end_Delay_1us:
0x03C2	0x0008      	RETURN
; end of _Delay_1us
Symbol List:
//** Routines locations **
//ADDRESS    SIZE    PROCEDURE
//----------------------------------------------
0x0003     [292]    _main
0x0127     [114]    _ch
0x0199     [105]    _IntToStr
0x0202      [77]    _Lcd_Init
0x024F      [63]    _WordToStr
0x028E      [63]    _Lcd_Cmd
0x02CD      [61]    _Lcd_Out
0x030A      [50]    _Lcd_Chr
0x033C      [43]    _Mul_16X16_U
0x0367      [29]    _Div_16X16_U
0x0384      [17]    _Lcd_Out_CP
0x0395      [12]    _Delay_5500us
0x03A1      [12]    ___CC2DW
0x03AD       [7]    _Lcd_Chr_CP
0x03B4       [6]    _Delay_50us
0x03BA       [6]    _____DoICP
0x03C0       [3]    _Delay_1us
//** Variables locations ** 
//ADDRESS    SIZE    VARIABLE
//----------------------------------------------
0x0000       [1]    INDF
0x0002       [1]    PCL
0x0003       [1]    STATUS
0x0004       [1]    FSR
0x0005       [1]    PORTA
0x0006       [0]    RB2_bit
0x0006       [0]    RB1_bit
0x0006       [0]    RB0_bit
0x0006       [0]    RB5_bit
0x0006       [0]    RB4_bit
0x0006       [0]    RB3_bit
0x0006       [0]    LCD_D5
0x0006       [0]    LCD_D6
0x0006       [0]    LCD_D7
0x0006       [0]    LCD_RS
0x0006       [0]    LCD_EN
0x0006       [0]    LCD_D4
0x000A       [1]    PCLATH
0x000C       [1]    _s
0x000D      [15]    ?lstr1_Arithmetic
0x001C       [1]    _N2
0x001D       [2]    _rs
0x001F       [0]    __Lib_Lcd_cmd_status
0x0020       [7]    _r
0x0027       [2]    ___DoICPAddr
0x0029       [2]    _i
0x002B       [2]    _j
0x002D       [1]    _N1
0x002E       [1]    FARG_Lcd_Chr_row
0x002E       [2]    FARG_IntToStr_input
0x002E       [1]    FARG_Lcd_Out_CP_text
0x002E       [2]    FARG_ch_num
0x002E       [1]    FARG_Lcd_Out_row
0x002F       [1]    FARG_Lcd_Chr_column
0x002F       [1]    Lcd_Out_CP_i_L0
0x002F       [1]    FARG_Lcd_Out_column
0x0030       [1]    FARG_Lcd_Chr_out_char
0x0030       [1]    FARG_Lcd_Out_text
0x0030       [1]    FARG_IntToStr_output
0x0031       [1]    Lcd_Out_i_L0
0x0031       [2]    IntToStr_i_L0
0x0033       [2]    IntToStr_negative_L0
0x0035       [2]    IntToStr_inword_L0
0x0037       [2]    FARG_WordToStr_input
0x0037       [1]    FARG_Lcd_Chr_CP_out_char
0x0039       [1]    FARG_WordToStr_output
0x003A       [1]    WordToStr_len_L0
0x003B       [1]    FLOC__WordToStr
0x003C       [1]    FARG_Lcd_Cmd_out_char
0x0040       [1]    R0
0x0041       [1]    R1
0x0042       [1]    R2
0x0043       [1]    R3
0x0044       [1]    R4
0x0045       [1]    R5
0x0046       [1]    R6
0x0047       [1]    R7
0x0048       [1]    R8
0x0049       [1]    R9
0x004A       [1]    R10
0x004B       [1]    R11
0x004C       [1]    R12
0x004D       [1]    R13
0x004E       [1]    R14
0x004F       [1]    R15
0x0085       [1]    TRISA
0x0086       [0]    TRISB3_bit
0x0086       [0]    TRISB2_bit
0x0086       [0]    TRISB1_bit
0x0086       [0]    TRISB4_bit
0x0086       [0]    TRISB5_bit
0x0086       [0]    TRISB0_bit
0x0086       [0]    LCD_D6_Direction
0x0086       [0]    LCD_D7_Direction
0x0086       [0]    LCD_D5_Direction
0x0086       [0]    LCD_RS_Direction
0x0086       [0]    LCD_EN_Direction
0x0086       [0]    LCD_D4_Direction
