;  LST file generated by mikroListExporter - v.2.0 
; Date/Time: 1/14/2020 12:21:27 PM
;----------------------------------------------

;Address Opcode 	ASM
0x0000	0x2803      	GOTO       3
_main:
;SemiFinal.c,1 :: 		void main()
;SemiFinal.c,3 :: 		TRISA = 0X01;
0x0003	0x3001      	MOVLW      1
0x0004	0x1683      	BSF        STATUS, 5
0x0005	0x0085      	MOVWF      TRISA
;SemiFinal.c,4 :: 		TRISB = 0X00;
0x0006	0x0186      	CLRF       TRISB
;SemiFinal.c,6 :: 		while(1)
L_main0:
;SemiFinal.c,8 :: 		if(PORTA.B0 == 1 || PORTA.B1 == 1)
0x0007	0x1283      	BCF        STATUS, 5
0x0008	0x1805      	BTFSC      PORTA, 0
0x0009	0x280D      	GOTO       L__main16
0x000A	0x1885      	BTFSC      PORTA, 1
0x000B	0x280D      	GOTO       L__main16
0x000C	0x2824      	GOTO       L_main4
L__main16:
;SemiFinal.c,10 :: 		delay_ms(20);
0x000D	0x3034      	MOVLW      52
0x000E	0x00CC      	MOVWF      R12
0x000F	0x30F1      	MOVLW      241
0x0010	0x00CD      	MOVWF      R13
L_main5:
0x0011	0x0BCD      	DECFSZ     R13, 1
0x0012	0x2811      	GOTO       L_main5
0x0013	0x0BCC      	DECFSZ     R12, 1
0x0014	0x2811      	GOTO       L_main5
0x0015	0x0000      	NOP
0x0016	0x0000      	NOP
;SemiFinal.c,11 :: 		if (PORTA.B0 == 1 && PORTA.B1 == 1)
0x0017	0x1C05      	BTFSS      PORTA, 0
0x0018	0x281D      	GOTO       L_main8
0x0019	0x1C85      	BTFSS      PORTA, 1
0x001A	0x281D      	GOTO       L_main8
L__main15:
;SemiFinal.c,13 :: 		PORTB.B1 = 0;
0x001B	0x1086      	BCF        PORTB, 1
;SemiFinal.c,14 :: 		}
0x001C	0x2823      	GOTO       L_main9
L_main8:
;SemiFinal.c,15 :: 		else if(PORTA.B0 == 1 || PORTA.B1 == 1)
0x001D	0x1805      	BTFSC      PORTA, 0
0x001E	0x2822      	GOTO       L__main14
0x001F	0x1885      	BTFSC      PORTA, 1
0x0020	0x2822      	GOTO       L__main14
0x0021	0x2823      	GOTO       L_main12
L__main14:
;SemiFinal.c,17 :: 		PORTB.B1 = 1;
0x0022	0x1486      	BSF        PORTB, 1
;SemiFinal.c,18 :: 		}
L_main12:
L_main9:
;SemiFinal.c,19 :: 		}
0x0023	0x2825      	GOTO       L_main13
L_main4:
;SemiFinal.c,20 :: 		else PORTB.B1 =0;
0x0024	0x1086      	BCF        PORTB, 1
L_main13:
;SemiFinal.c,21 :: 		}
0x0025	0x2807      	GOTO       L_main0
;SemiFinal.c,22 :: 		}
L_end_main:
0x0026	0x2826      	GOTO       $+0
; end of _main
Symbol List:
//** Routines locations **
//ADDRESS    SIZE    PROCEDURE
//----------------------------------------------
0x0003      [36]    _main
//** Variables locations ** 
//ADDRESS    SIZE    VARIABLE
//----------------------------------------------
0x0000       [1]    INDF
0x0003       [1]    STATUS
0x0004       [1]    FSR
0x0005       [1]    PORTA
0x0006       [1]    PORTB
0x000A       [1]    PCLATH
0x000C       [2]    ___DoICPAddr
0x0040       [1]    R0
0x0041       [1]    R1
0x0042       [1]    R2
0x0043       [1]    R3
0x0044       [1]    R4
0x0045       [1]    R5
0x0046       [1]    R6
0x0047       [1]    R7
0x0048       [1]    R8
0x0049       [1]    R9
0x004A       [1]    R10
0x004B       [1]    R11
0x004C       [1]    R12
0x004D       [1]    R13
0x004E       [1]    R14
0x004F       [1]    R15
0x0085       [1]    TRISA
0x0086       [1]    TRISB
