;  LST file generated by mikroListExporter - v.2.0 
; Date/Time: 1/16/2020 12:15:15 PM
;----------------------------------------------

;Address Opcode 	ASM
0x0000	0x28B8      	GOTO       184
_____DoICP:
;__Lib_System.c,6 :: 		
;__Lib_System.c,9 :: 		
0x0003	0x1283      	BCF        STATUS, 5
0x0004	0x081F      	MOVF       ___DoICPAddr+1, 0
0x0005	0x008A      	MOVWF      PCLATH
;__Lib_System.c,10 :: 		
0x0006	0x081E      	MOVF       ___DoICPAddr, 0
0x0007	0x0082      	MOVWF      PCL
;__Lib_System.c,12 :: 		
L_end_____DoICP:
0x0008	0x0008      	RETURN
; end of _____DoICP
___CC2DW:
;__Lib_System.c,134 :: 		
;__Lib_System.c,137 :: 		
_CC2D_Loop1:
;__Lib_System.c,139 :: 		
0x0009	0x2003      	CALL       _____DoICP
0x000A	0x118A      	BCF        PCLATH, 3
0x000B	0x120A      	BCF        PCLATH, 4
;__Lib_System.c,141 :: 		
0x000C	0x0080      	MOVWF      INDF
;__Lib_System.c,142 :: 		
0x000D	0x0A84      	INCF       FSR, 1
;__Lib_System.c,143 :: 		
0x000E	0x0A9E      	INCF       ___DoICPAddr, 1
;__Lib_System.c,145 :: 		
0x000F	0x1903      	BTFSC      STATUS, 2
;__Lib_System.c,146 :: 		
0x0010	0x0A9F      	INCF       ___DoICPAddr+1, 1
;__Lib_System.c,147 :: 		
0x0011	0x03C0      	DECF       R0, 1
;__Lib_System.c,149 :: 		
0x0012	0x1D03      	BTFSS      STATUS, 2
;__Lib_System.c,150 :: 		
0x0013	0x2809      	GOTO       _CC2D_Loop1
;__Lib_System.c,152 :: 		
L_end___CC2DW:
0x0014	0x0008      	RETURN
; end of ___CC2DW
_CountDown:
;TrafficLight.c,29 :: 		void CountDown()
;TrafficLight.c,31 :: 		PORTA.B1 = 1;
0x0015	0x1283      	BCF        STATUS, 5
0x0016	0x1485      	BSF        PORTA, 1
;TrafficLight.c,32 :: 		for(i=5;i>=0;i--)
0x0017	0x3005      	MOVLW      5
0x0018	0x0090      	MOVWF      _i
0x0019	0x3000      	MOVLW      0
0x001A	0x0091      	MOVWF      _i+1
L_CountDown5:
0x001B	0x3080      	MOVLW      128
0x001C	0x0611      	XORWF      _i+1, 0
0x001D	0x00C0      	MOVWF      R0
0x001E	0x3080      	MOVLW      128
0x001F	0x0240      	SUBWF      R0, 0
0x0020	0x1D03      	BTFSS      STATUS, 2
0x0021	0x2824      	GOTO       L__CountDown22
0x0022	0x3000      	MOVLW      0
0x0023	0x0210      	SUBWF      _i, 0
L__CountDown22:
0x0024	0x1C03      	BTFSS      STATUS, 0
0x0025	0x28B7      	GOTO       L_CountDown6
;TrafficLight.c,34 :: 		PORTB = arr[i];
0x0026	0x0810      	MOVF       _i, 0
0x0027	0x00C0      	MOVWF      R0
0x0028	0x0811      	MOVF       _i+1, 0
0x0029	0x00C1      	MOVWF      R0+1
0x002A	0x0DC0      	RLF        R0, 1
0x002B	0x0DC1      	RLF        R0+1, 1
0x002C	0x1040      	BCF        R0, 0
0x002D	0x0840      	MOVF       R0, 0
0x002E	0x3E12      	ADDLW      _arr
0x002F	0x0084      	MOVWF      FSR
0x0030	0x0800      	MOVF       INDF, 0
0x0031	0x0086      	MOVWF      PORTB
;TrafficLight.c,35 :: 		delay_ms(50);
0x0032	0x3082      	MOVLW      130
0x0033	0x00CC      	MOVWF      R12
0x0034	0x30DD      	MOVLW      221
0x0035	0x00CD      	MOVWF      R13
L_CountDown8:
0x0036	0x0BCD      	DECFSZ     R13, 1
0x0037	0x2836      	GOTO       L_CountDown8
0x0038	0x0BCC      	DECFSZ     R12, 1
0x0039	0x2836      	GOTO       L_CountDown8
0x003A	0x0000      	NOP
0x003B	0x0000      	NOP
;TrafficLight.c,36 :: 		if(i==0)
0x003C	0x3000      	MOVLW      0
0x003D	0x0611      	XORWF      _i+1, 0
0x003E	0x1D03      	BTFSS      STATUS, 2
0x003F	0x2842      	GOTO       L__CountDown23
0x0040	0x3000      	MOVLW      0
0x0041	0x0610      	XORWF      _i, 0
L__CountDown23:
0x0042	0x1D03      	BTFSS      STATUS, 2
0x0043	0x28B2      	GOTO       L_CountDown9
;TrafficLight.c,38 :: 		PORTA.B1 = 0;
0x0044	0x1085      	BCF        PORTA, 1
;TrafficLight.c,39 :: 		PORTA.B2 = 1;
0x0045	0x1505      	BSF        PORTA, 2
;TrafficLight.c,40 :: 		for(j=1;j>=0;j--)
0x0046	0x3001      	MOVLW      1
0x0047	0x008C      	MOVWF      _j
0x0048	0x3000      	MOVLW      0
0x0049	0x008D      	MOVWF      _j+1
L_CountDown10:
0x004A	0x3080      	MOVLW      128
0x004B	0x060D      	XORWF      _j+1, 0
0x004C	0x00C0      	MOVWF      R0
0x004D	0x3080      	MOVLW      128
0x004E	0x0240      	SUBWF      R0, 0
0x004F	0x1D03      	BTFSS      STATUS, 2
0x0050	0x2853      	GOTO       L__CountDown24
0x0051	0x3000      	MOVLW      0
0x0052	0x020C      	SUBWF      _j, 0
L__CountDown24:
0x0053	0x1C03      	BTFSS      STATUS, 0
0x0054	0x28B2      	GOTO       L_CountDown11
;TrafficLight.c,42 :: 		PORTB = arr[j];
0x0055	0x080C      	MOVF       _j, 0
0x0056	0x00C0      	MOVWF      R0
0x0057	0x080D      	MOVF       _j+1, 0
0x0058	0x00C1      	MOVWF      R0+1
0x0059	0x0DC0      	RLF        R0, 1
0x005A	0x0DC1      	RLF        R0+1, 1
0x005B	0x1040      	BCF        R0, 0
0x005C	0x0840      	MOVF       R0, 0
0x005D	0x3E12      	ADDLW      _arr
0x005E	0x0084      	MOVWF      FSR
0x005F	0x0800      	MOVF       INDF, 0
0x0060	0x0086      	MOVWF      PORTB
;TrafficLight.c,43 :: 		delay_ms(50);
0x0061	0x3082      	MOVLW      130
0x0062	0x00CC      	MOVWF      R12
0x0063	0x30DD      	MOVLW      221
0x0064	0x00CD      	MOVWF      R13
L_CountDown13:
0x0065	0x0BCD      	DECFSZ     R13, 1
0x0066	0x2865      	GOTO       L_CountDown13
0x0067	0x0BCC      	DECFSZ     R12, 1
0x0068	0x2865      	GOTO       L_CountDown13
0x0069	0x0000      	NOP
0x006A	0x0000      	NOP
;TrafficLight.c,44 :: 		if(j==0)
0x006B	0x3000      	MOVLW      0
0x006C	0x060D      	XORWF      _j+1, 0
0x006D	0x1D03      	BTFSS      STATUS, 2
0x006E	0x2871      	GOTO       L__CountDown25
0x006F	0x3000      	MOVLW      0
0x0070	0x060C      	XORWF      _j, 0
L__CountDown25:
0x0071	0x1D03      	BTFSS      STATUS, 2
0x0072	0x28AD      	GOTO       L_CountDown14
;TrafficLight.c,46 :: 		PORTA.B2 = 0;
0x0073	0x1105      	BCF        PORTA, 2
;TrafficLight.c,47 :: 		PORTA.B3 = 1;
0x0074	0x1585      	BSF        PORTA, 3
;TrafficLight.c,48 :: 		for(k=5;k>=0;k--)
0x0075	0x3005      	MOVLW      5
0x0076	0x008E      	MOVWF      _k
0x0077	0x3000      	MOVLW      0
0x0078	0x008F      	MOVWF      _k+1
L_CountDown15:
0x0079	0x3080      	MOVLW      128
0x007A	0x060F      	XORWF      _k+1, 0
0x007B	0x00C0      	MOVWF      R0
0x007C	0x3080      	MOVLW      128
0x007D	0x0240      	SUBWF      R0, 0
0x007E	0x1D03      	BTFSS      STATUS, 2
0x007F	0x2882      	GOTO       L__CountDown26
0x0080	0x3000      	MOVLW      0
0x0081	0x020E      	SUBWF      _k, 0
L__CountDown26:
0x0082	0x1C03      	BTFSS      STATUS, 0
0x0083	0x28AD      	GOTO       L_CountDown16
;TrafficLight.c,50 :: 		PORTB = arr[k];
0x0084	0x080E      	MOVF       _k, 0
0x0085	0x00C0      	MOVWF      R0
0x0086	0x080F      	MOVF       _k+1, 0
0x0087	0x00C1      	MOVWF      R0+1
0x0088	0x0DC0      	RLF        R0, 1
0x0089	0x0DC1      	RLF        R0+1, 1
0x008A	0x1040      	BCF        R0, 0
0x008B	0x0840      	MOVF       R0, 0
0x008C	0x3E12      	ADDLW      _arr
0x008D	0x0084      	MOVWF      FSR
0x008E	0x0800      	MOVF       INDF, 0
0x008F	0x0086      	MOVWF      PORTB
;TrafficLight.c,51 :: 		delay_ms(50);
0x0090	0x3082      	MOVLW      130
0x0091	0x00CC      	MOVWF      R12
0x0092	0x30DD      	MOVLW      221
0x0093	0x00CD      	MOVWF      R13
L_CountDown18:
0x0094	0x0BCD      	DECFSZ     R13, 1
0x0095	0x2894      	GOTO       L_CountDown18
0x0096	0x0BCC      	DECFSZ     R12, 1
0x0097	0x2894      	GOTO       L_CountDown18
0x0098	0x0000      	NOP
0x0099	0x0000      	NOP
;TrafficLight.c,52 :: 		if(k==0)
0x009A	0x3000      	MOVLW      0
0x009B	0x060F      	XORWF      _k+1, 0
0x009C	0x1D03      	BTFSS      STATUS, 2
0x009D	0x28A0      	GOTO       L__CountDown27
0x009E	0x3000      	MOVLW      0
0x009F	0x060E      	XORWF      _k, 0
L__CountDown27:
0x00A0	0x1D03      	BTFSS      STATUS, 2
0x00A1	0x28A8      	GOTO       L_CountDown19
;TrafficLight.c,54 :: 		PORTA.B3 = 0;
0x00A2	0x1185      	BCF        PORTA, 3
;TrafficLight.c,55 :: 		PORTA.B1 = 1;
0x00A3	0x1485      	BSF        PORTA, 1
;TrafficLight.c,56 :: 		i=6;
0x00A4	0x3006      	MOVLW      6
0x00A5	0x0090      	MOVWF      _i
0x00A6	0x3000      	MOVLW      0
0x00A7	0x0091      	MOVWF      _i+1
;TrafficLight.c,57 :: 		}
L_CountDown19:
;TrafficLight.c,48 :: 		for(k=5;k>=0;k--)
0x00A8	0x3001      	MOVLW      1
0x00A9	0x028E      	SUBWF      _k, 1
0x00AA	0x1C03      	BTFSS      STATUS, 0
0x00AB	0x038F      	DECF       _k+1, 1
;TrafficLight.c,58 :: 		}
0x00AC	0x2879      	GOTO       L_CountDown15
L_CountDown16:
;TrafficLight.c,59 :: 		}
L_CountDown14:
;TrafficLight.c,40 :: 		for(j=1;j>=0;j--)
0x00AD	0x3001      	MOVLW      1
0x00AE	0x028C      	SUBWF      _j, 1
0x00AF	0x1C03      	BTFSS      STATUS, 0
0x00B0	0x038D      	DECF       _j+1, 1
;TrafficLight.c,60 :: 		}
0x00B1	0x284A      	GOTO       L_CountDown10
L_CountDown11:
;TrafficLight.c,61 :: 		}
L_CountDown9:
;TrafficLight.c,32 :: 		for(i=5;i>=0;i--)
0x00B2	0x3001      	MOVLW      1
0x00B3	0x0290      	SUBWF      _i, 1
0x00B4	0x1C03      	BTFSS      STATUS, 0
0x00B5	0x0391      	DECF       _i+1, 1
;TrafficLight.c,62 :: 		}
0x00B6	0x281B      	GOTO       L_CountDown5
L_CountDown6:
;TrafficLight.c,63 :: 		}
L_end_CountDown:
0x00B7	0x0008      	RETURN
; end of _CountDown
_main:
0x00B8	0x1283      	BCF        STATUS, 5
0x00B9	0x018C      	CLRF       _j
0x00BA	0x018D      	CLRF       13
0x00BB	0x018E      	CLRF       _k
0x00BC	0x018F      	CLRF       15
0x00BD	0x0190      	CLRF       _i
0x00BE	0x0191      	CLRF       17
0x00BF	0x303F      	MOVLW      63
0x00C0	0x0092      	MOVWF      _arr
0x00C1	0x0193      	CLRF       19
0x00C2	0x3006      	MOVLW      6
0x00C3	0x0094      	MOVWF      20
0x00C4	0x0195      	CLRF       21
0x00C5	0x305B      	MOVLW      91
0x00C6	0x0096      	MOVWF      22
0x00C7	0x0197      	CLRF       23
0x00C8	0x304F      	MOVLW      79
0x00C9	0x0098      	MOVWF      24
0x00CA	0x0199      	CLRF       25
0x00CB	0x3066      	MOVLW      102
0x00CC	0x009A      	MOVWF      26
0x00CD	0x019B      	CLRF       27
0x00CE	0x306D      	MOVLW      109
0x00CF	0x009C      	MOVWF      28
0x00D0	0x019D      	CLRF       29
;TrafficLight.c,10 :: 		void main()
;TrafficLight.c,12 :: 		TRISA = 0X00;
0x00D1	0x1683      	BSF        STATUS, 5
0x00D2	0x0185      	CLRF       TRISA
;TrafficLight.c,13 :: 		TRISB = 0X80;
0x00D3	0x3080      	MOVLW      128
0x00D4	0x0086      	MOVWF      TRISB
;TrafficLight.c,15 :: 		while(1)
L_main0:
;TrafficLight.c,17 :: 		if(PORTB.B7 == 1)
0x00D5	0x1283      	BCF        STATUS, 5
0x00D6	0x1F86      	BTFSS      PORTB, 7
0x00D7	0x28E4      	GOTO       L_main2
;TrafficLight.c,19 :: 		delay_ms(10);
0x00D8	0x301A      	MOVLW      26
0x00D9	0x00CC      	MOVWF      R12
0x00DA	0x30F8      	MOVLW      248
0x00DB	0x00CD      	MOVWF      R13
L_main3:
0x00DC	0x0BCD      	DECFSZ     R13, 1
0x00DD	0x28DC      	GOTO       L_main3
0x00DE	0x0BCC      	DECFSZ     R12, 1
0x00DF	0x28DC      	GOTO       L_main3
0x00E0	0x0000      	NOP
;TrafficLight.c,20 :: 		if(PORTB.B7 == 0)
0x00E1	0x1B86      	BTFSC      PORTB, 7
0x00E2	0x28E4      	GOTO       L_main4
;TrafficLight.c,22 :: 		CountDown();
0x00E3	0x2015      	CALL       _CountDown
;TrafficLight.c,24 :: 		}
L_main4:
;TrafficLight.c,25 :: 		}
L_main2:
;TrafficLight.c,26 :: 		}
0x00E4	0x28D5      	GOTO       L_main0
;TrafficLight.c,27 :: 		}
L_end_main:
0x00E5	0x28E5      	GOTO       $+0
; end of _main
Symbol List:
//** Routines locations **
//ADDRESS    SIZE    PROCEDURE
//----------------------------------------------
0x0003       [6]    _____DoICP
0x0009      [12]    ___CC2DW
0x0015     [163]    _CountDown
0x00B8      [46]    _main
//** Variables locations ** 
//ADDRESS    SIZE    VARIABLE
//----------------------------------------------
0x0000       [1]    INDF
0x0002       [1]    PCL
0x0003       [1]    STATUS
0x0004       [1]    FSR
0x0005       [1]    PORTA
0x0006       [1]    PORTB
0x000A       [1]    PCLATH
0x000C       [2]    _j
0x000E       [2]    _k
0x0010       [2]    _i
0x0012      [12]    _arr
0x001E       [2]    ___DoICPAddr
0x0040       [1]    R0
0x0041       [1]    R1
0x0042       [1]    R2
0x0043       [1]    R3
0x0044       [1]    R4
0x0045       [1]    R5
0x0046       [1]    R6
0x0047       [1]    R7
0x0048       [1]    R8
0x0049       [1]    R9
0x004A       [1]    R10
0x004B       [1]    R11
0x004C       [1]    R12
0x004D       [1]    R13
0x004E       [1]    R14
0x004F       [1]    R15
0x0085       [1]    TRISA
0x0086       [1]    TRISB
