;  LST file generated by mikroListExporter - v.2.0 
; Date/Time: 1/15/2020 9:46:52 PM
;----------------------------------------------

;Address Opcode 	ASM
0x0000	0x2815      	GOTO       21
_____DoICP:
;__Lib_System.c,6 :: 		
;__Lib_System.c,9 :: 		
0x0003	0x1283      	BCF        STATUS, 5
0x0004	0x081B      	MOVF       ___DoICPAddr+1, 0
0x0005	0x008A      	MOVWF      PCLATH
;__Lib_System.c,10 :: 		
0x0006	0x081A      	MOVF       ___DoICPAddr, 0
0x0007	0x0082      	MOVWF      PCL
;__Lib_System.c,12 :: 		
L_end_____DoICP:
0x0008	0x0008      	RETURN
; end of _____DoICP
___CC2DW:
;__Lib_System.c,134 :: 		
;__Lib_System.c,137 :: 		
_CC2D_Loop1:
;__Lib_System.c,139 :: 		
0x0009	0x2003      	CALL       _____DoICP
0x000A	0x118A      	BCF        PCLATH, 3
0x000B	0x120A      	BCF        PCLATH, 4
;__Lib_System.c,141 :: 		
0x000C	0x0080      	MOVWF      INDF
;__Lib_System.c,142 :: 		
0x000D	0x0A84      	INCF       FSR, 1
;__Lib_System.c,143 :: 		
0x000E	0x0A9A      	INCF       ___DoICPAddr, 1
;__Lib_System.c,145 :: 		
0x000F	0x1903      	BTFSC      STATUS, 2
;__Lib_System.c,146 :: 		
0x0010	0x0A9B      	INCF       ___DoICPAddr+1, 1
;__Lib_System.c,147 :: 		
0x0011	0x03C0      	DECF       R0, 1
;__Lib_System.c,149 :: 		
0x0012	0x1D03      	BTFSS      STATUS, 2
;__Lib_System.c,150 :: 		
0x0013	0x2809      	GOTO       _CC2D_Loop1
;__Lib_System.c,152 :: 		
L_end___CC2DW:
0x0014	0x0008      	RETURN
; end of ___CC2DW
_main:
0x0015	0x303F      	MOVLW      63
0x0016	0x1283      	BCF        STATUS, 5
0x0017	0x008C      	MOVWF      _arr
0x0018	0x018D      	CLRF       13
0x0019	0x3006      	MOVLW      6
0x001A	0x008E      	MOVWF      14
0x001B	0x018F      	CLRF       15
0x001C	0x305B      	MOVLW      91
0x001D	0x0090      	MOVWF      16
0x001E	0x0191      	CLRF       17
0x001F	0x304F      	MOVLW      79
0x0020	0x0092      	MOVWF      18
0x0021	0x0193      	CLRF       19
0x0022	0x3066      	MOVLW      102
0x0023	0x0094      	MOVWF      20
0x0024	0x0195      	CLRF       21
0x0025	0x306D      	MOVLW      109
0x0026	0x0096      	MOVWF      22
0x0027	0x0197      	CLRF       23
0x0028	0x0198      	CLRF       _i
0x0029	0x3005      	MOVLW      5
0x002A	0x0099      	MOVWF      _j
;Counter.c,8 :: 		void main()
;Counter.c,10 :: 		TRISB = 0X80;
0x002B	0x3080      	MOVLW      128
0x002C	0x1683      	BSF        STATUS, 5
0x002D	0x0086      	MOVWF      TRISB
;Counter.c,11 :: 		while(1)
L_main0:
;Counter.c,13 :: 		if(i<=j)
0x002E	0x0818      	MOVF       _i, 0
0x002F	0x0219      	SUBWF      _j, 0
0x0030	0x1C03      	BTFSS      STATUS, 0
0x0031	0x284B      	GOTO       L_main2
;Counter.c,15 :: 		if(PORTB.B7 == 1)
0x0032	0x1283      	BCF        STATUS, 5
0x0033	0x1F86      	BTFSS      PORTB, 7
0x0034	0x284A      	GOTO       L_main3
;Counter.c,17 :: 		delay_ms(10);
0x0035	0x301A      	MOVLW      26
0x0036	0x00CC      	MOVWF      R12
0x0037	0x30F8      	MOVLW      248
0x0038	0x00CD      	MOVWF      R13
L_main4:
0x0039	0x0BCD      	DECFSZ     R13, 1
0x003A	0x2839      	GOTO       L_main4
0x003B	0x0BCC      	DECFSZ     R12, 1
0x003C	0x2839      	GOTO       L_main4
0x003D	0x0000      	NOP
;Counter.c,18 :: 		if(PORTB.B7 == 0)
0x003E	0x1B86      	BTFSC      PORTB, 7
0x003F	0x284A      	GOTO       L_main5
;Counter.c,20 :: 		PORTB = arr[i];
0x0040	0x0818      	MOVF       _i, 0
0x0041	0x00C0      	MOVWF      R0
0x0042	0x0DC0      	RLF        R0, 1
0x0043	0x1040      	BCF        R0, 0
0x0044	0x0840      	MOVF       R0, 0
0x0045	0x3E0C      	ADDLW      _arr
0x0046	0x0084      	MOVWF      FSR
0x0047	0x0800      	MOVF       INDF, 0
0x0048	0x0086      	MOVWF      PORTB
;Counter.c,21 :: 		i++;
0x0049	0x0A98      	INCF       _i, 1
;Counter.c,22 :: 		}
L_main5:
;Counter.c,23 :: 		}
L_main3:
;Counter.c,24 :: 		}
0x004A	0x286A      	GOTO       L_main6
L_main2:
0x004B	0x1283      	BCF        STATUS, 5
;Counter.c,27 :: 		if(PORTB.B7 == 1)
0x004C	0x1F86      	BTFSS      PORTB, 7
0x004D	0x286A      	GOTO       L_main7
;Counter.c,29 :: 		delay_ms(10);
0x004E	0x301A      	MOVLW      26
0x004F	0x00CC      	MOVWF      R12
0x0050	0x30F8      	MOVLW      248
0x0051	0x00CD      	MOVWF      R13
L_main8:
0x0052	0x0BCD      	DECFSZ     R13, 1
0x0053	0x2852      	GOTO       L_main8
0x0054	0x0BCC      	DECFSZ     R12, 1
0x0055	0x2852      	GOTO       L_main8
0x0056	0x0000      	NOP
;Counter.c,30 :: 		if(PORTB.B7 == 0)
0x0057	0x1B86      	BTFSC      PORTB, 7
0x0058	0x286A      	GOTO       L_main9
;Counter.c,32 :: 		PORTB = arr[j];
0x0059	0x0819      	MOVF       _j, 0
0x005A	0x00C0      	MOVWF      R0
0x005B	0x0DC0      	RLF        R0, 1
0x005C	0x1040      	BCF        R0, 0
0x005D	0x0840      	MOVF       R0, 0
0x005E	0x3E0C      	ADDLW      _arr
0x005F	0x0084      	MOVWF      FSR
0x0060	0x0800      	MOVF       INDF, 0
0x0061	0x0086      	MOVWF      PORTB
;Counter.c,33 :: 		j--;
0x0062	0x0399      	DECF       _j, 1
;Counter.c,34 :: 		if(j==0)
0x0063	0x0819      	MOVF       _j, 0
0x0064	0x3A00      	XORLW      0
0x0065	0x1D03      	BTFSS      STATUS, 2
0x0066	0x286A      	GOTO       L_main10
;Counter.c,36 :: 		i=0;
0x0067	0x0198      	CLRF       _i
;Counter.c,37 :: 		j=5;
0x0068	0x3005      	MOVLW      5
0x0069	0x0099      	MOVWF      _j
;Counter.c,38 :: 		}
L_main10:
;Counter.c,39 :: 		}
L_main9:
;Counter.c,40 :: 		}
L_main7:
;Counter.c,41 :: 		}
L_main6:
;Counter.c,42 :: 		}
0x006A	0x282E      	GOTO       L_main0
;Counter.c,43 :: 		}
L_end_main:
0x006B	0x286B      	GOTO       $+0
; end of _main
Symbol List:
//** Routines locations **
//ADDRESS    SIZE    PROCEDURE
//----------------------------------------------
0x0003       [6]    _____DoICP
0x0009      [12]    ___CC2DW
0x0015      [87]    _main
//** Variables locations ** 
//ADDRESS    SIZE    VARIABLE
//----------------------------------------------
0x0000       [1]    INDF
0x0002       [1]    PCL
0x0003       [1]    STATUS
0x0004       [1]    FSR
0x0006       [1]    PORTB
0x000A       [1]    PCLATH
0x000C      [12]    _arr
0x0018       [1]    _i
0x0019       [1]    _j
0x001A       [2]    ___DoICPAddr
0x0040       [1]    R0
0x0041       [1]    R1
0x0042       [1]    R2
0x0043       [1]    R3
0x0044       [1]    R4
0x0045       [1]    R5
0x0046       [1]    R6
0x0047       [1]    R7
0x0048       [1]    R8
0x0049       [1]    R9
0x004A       [1]    R10
0x004B       [1]    R11
0x004C       [1]    R12
0x004D       [1]    R13
0x004E       [1]    R14
0x004F       [1]    R15
0x0086       [1]    TRISB
