;  LST file generated by mikroListExporter - v.2.0 
; Date/Time: 2/17/2020 10:24:38 PM
;----------------------------------------------

;Address Opcode 	ASM
0x0000	0x29D0      	GOTO       464
_Delay_1us:
;__Lib_Delays.c,7 :: 		void Delay_1us() {
;__Lib_Delays.c,8 :: 		Delay_us(1);
0x0003	0x0000      	NOP
0x0004	0x0000      	NOP
;__Lib_Delays.c,9 :: 		}
L_end_Delay_1us:
0x0005	0x0008      	RETURN
; end of _Delay_1us
_Delay_50us:
;__Lib_Delays.c,19 :: 		void Delay_50us() {
;__Lib_Delays.c,20 :: 		Delay_us(50);
0x0006	0x3021      	MOVLW      33
0x0007	0x1283      	BCF        STATUS, 5
0x0008	0x00CD      	MOVWF      R13
L_Delay_50us2:
0x0009	0x0BCD      	DECFSZ     R13, 1
0x000A	0x2809      	GOTO       L_Delay_50us2
;__Lib_Delays.c,21 :: 		}
L_end_Delay_50us:
0x000B	0x0008      	RETURN
; end of _Delay_50us
_Delay_5500us:
;__Lib_Delays.c,31 :: 		void Delay_5500us() {
;__Lib_Delays.c,32 :: 		Delay_us(5500);
0x000C	0x300F      	MOVLW      15
0x000D	0x1283      	BCF        STATUS, 5
0x000E	0x00CC      	MOVWF      R12
0x000F	0x3047      	MOVLW      71
0x0010	0x00CD      	MOVWF      R13
L_Delay_5500us5:
0x0011	0x0BCD      	DECFSZ     R13, 1
0x0012	0x2811      	GOTO       L_Delay_5500us5
0x0013	0x0BCC      	DECFSZ     R12, 1
0x0014	0x2811      	GOTO       L_Delay_5500us5
0x0015	0x0000      	NOP
0x0016	0x0000      	NOP
;__Lib_Delays.c,33 :: 		}
L_end_Delay_5500us:
0x0017	0x0008      	RETURN
; end of _Delay_5500us
_Div_16X16_U:
;__Lib_Math.c,215 :: 		
;__Lib_Math.c,222 :: 		
0x0018	0x1283      	BCF        STATUS, 5
;__Lib_Math.c,223 :: 		
0x0019	0x1303      	BCF        STATUS, 6
;__Lib_Math.c,224 :: 		
0x001A	0x01C8      	CLRF       R8
;__Lib_Math.c,225 :: 		
0x001B	0x01C9      	CLRF       R9
;__Lib_Math.c,226 :: 		
0x001C	0x3010      	MOVLW      16
;__Lib_Math.c,227 :: 		
0x001D	0x00CC      	MOVWF      R12
;__Lib_Math.c,228 :: 		
0x001E	0x0D41      	RLF        R1, 0
;__Lib_Math.c,229 :: 		
0x001F	0x0DC8      	RLF        R8, 1
;__Lib_Math.c,230 :: 		
0x0020	0x0DC9      	RLF        R9, 1
;__Lib_Math.c,231 :: 		
0x0021	0x0844      	MOVF       R4, 0
;__Lib_Math.c,232 :: 		
0x0022	0x02C8      	SUBWF      R8, 1
;__Lib_Math.c,233 :: 		
0x0023	0x0845      	MOVF       R5, 0
;__Lib_Math.c,234 :: 		
0x0024	0x1C03      	BTFSS      STATUS, 0
;__Lib_Math.c,235 :: 		
0x0025	0x0F45      	INCFSZ     R5, 0
;__Lib_Math.c,236 :: 		
0x0026	0x02C9      	SUBWF      R9, 1
;__Lib_Math.c,237 :: 		
0x0027	0x1803      	BTFSC      STATUS, 0
;__Lib_Math.c,238 :: 		
0x0028	0x2830      	GOTO       $+8
;__Lib_Math.c,239 :: 		
0x0029	0x0844      	MOVF       R4, 0
;__Lib_Math.c,240 :: 		
0x002A	0x07C8      	ADDWF      R8, 1
;__Lib_Math.c,241 :: 		
0x002B	0x0845      	MOVF       R5, 0
;__Lib_Math.c,242 :: 		
0x002C	0x1803      	BTFSC      STATUS, 0
;__Lib_Math.c,243 :: 		
0x002D	0x0F45      	INCFSZ     R5, 0
;__Lib_Math.c,244 :: 		
0x002E	0x07C9      	ADDWF      R9, 1
;__Lib_Math.c,245 :: 		
0x002F	0x1003      	BCF        STATUS, 0
;__Lib_Math.c,246 :: 		
0x0030	0x0DC0      	RLF        R0, 1
;__Lib_Math.c,247 :: 		
0x0031	0x0DC1      	RLF        R1, 1
;__Lib_Math.c,248 :: 		
0x0032	0x0BCC      	DECFSZ     R12, 1
;__Lib_Math.c,249 :: 		
0x0033	0x281E      	GOTO       $-21
;__Lib_Math.c,251 :: 		
L_end_Div_16X16_U:
0x0034	0x0008      	RETURN
; end of _Div_16X16_U
_Lcd_Cmd:
;__Lib_Lcd.c,18 :: 		
;__Lib_Lcd.c,20 :: 		
0x0035	0x1283      	BCF        STATUS, 5
0x0036	0x1BAF      	BTFSC      FARG_Lcd_Cmd_out_char, 7
0x0037	0x283A      	GOTO       L__Lcd_Cmd21
0x0038	0x1186      	BCF        LCD_D7, BitPos(LCD_D7+0)
0x0039	0x283B      	GOTO       L__Lcd_Cmd22
L__Lcd_Cmd21:
0x003A	0x1586      	BSF        LCD_D7, BitPos(LCD_D7+0)
L__Lcd_Cmd22:
;__Lib_Lcd.c,21 :: 		
0x003B	0x1B2F      	BTFSC      FARG_Lcd_Cmd_out_char, 6
0x003C	0x283F      	GOTO       L__Lcd_Cmd23
0x003D	0x1106      	BCF        LCD_D6, BitPos(LCD_D6+0)
0x003E	0x2840      	GOTO       L__Lcd_Cmd24
L__Lcd_Cmd23:
0x003F	0x1506      	BSF        LCD_D6, BitPos(LCD_D6+0)
L__Lcd_Cmd24:
;__Lib_Lcd.c,22 :: 		
0x0040	0x1AAF      	BTFSC      FARG_Lcd_Cmd_out_char, 5
0x0041	0x2844      	GOTO       L__Lcd_Cmd25
0x0042	0x1086      	BCF        LCD_D5, BitPos(LCD_D5+0)
0x0043	0x2845      	GOTO       L__Lcd_Cmd26
L__Lcd_Cmd25:
0x0044	0x1486      	BSF        LCD_D5, BitPos(LCD_D5+0)
L__Lcd_Cmd26:
;__Lib_Lcd.c,23 :: 		
0x0045	0x1A2F      	BTFSC      FARG_Lcd_Cmd_out_char, 4
0x0046	0x2849      	GOTO       L__Lcd_Cmd27
0x0047	0x1006      	BCF        LCD_D4, BitPos(LCD_D4+0)
0x0048	0x284A      	GOTO       L__Lcd_Cmd28
L__Lcd_Cmd27:
0x0049	0x1406      	BSF        LCD_D4, BitPos(LCD_D4+0)
L__Lcd_Cmd28:
;__Lib_Lcd.c,25 :: 		
0x004A	0x181D      	BTFSC      __Lib_Lcd_cmd_status, BitPos(__Lib_Lcd_cmd_status+0)
0x004B	0x284E      	GOTO       L__Lcd_Cmd29
0x004C	0x1606      	BSF        LCD_RS, BitPos(LCD_RS+0)
0x004D	0x284F      	GOTO       L__Lcd_Cmd30
L__Lcd_Cmd29:
0x004E	0x1206      	BCF        LCD_RS, BitPos(LCD_RS+0)
L__Lcd_Cmd30:
;__Lib_Lcd.c,28 :: 		
0x004F	0x1686      	BSF        LCD_EN, BitPos(LCD_EN+0)
;__Lib_Lcd.c,29 :: 		
0x0050	0x2003      	CALL       _Delay_1us
;__Lib_Lcd.c,30 :: 		
0x0051	0x1286      	BCF        LCD_EN, BitPos(LCD_EN+0)
;__Lib_Lcd.c,33 :: 		
0x0052	0x19AF      	BTFSC      FARG_Lcd_Cmd_out_char, 3
0x0053	0x2856      	GOTO       L__Lcd_Cmd31
0x0054	0x1186      	BCF        LCD_D7, BitPos(LCD_D7+0)
0x0055	0x2857      	GOTO       L__Lcd_Cmd32
L__Lcd_Cmd31:
0x0056	0x1586      	BSF        LCD_D7, BitPos(LCD_D7+0)
L__Lcd_Cmd32:
;__Lib_Lcd.c,34 :: 		
0x0057	0x192F      	BTFSC      FARG_Lcd_Cmd_out_char, 2
0x0058	0x285B      	GOTO       L__Lcd_Cmd33
0x0059	0x1106      	BCF        LCD_D6, BitPos(LCD_D6+0)
0x005A	0x285C      	GOTO       L__Lcd_Cmd34
L__Lcd_Cmd33:
0x005B	0x1506      	BSF        LCD_D6, BitPos(LCD_D6+0)
L__Lcd_Cmd34:
;__Lib_Lcd.c,35 :: 		
0x005C	0x18AF      	BTFSC      FARG_Lcd_Cmd_out_char, 1
0x005D	0x2860      	GOTO       L__Lcd_Cmd35
0x005E	0x1086      	BCF        LCD_D5, BitPos(LCD_D5+0)
0x005F	0x2861      	GOTO       L__Lcd_Cmd36
L__Lcd_Cmd35:
0x0060	0x1486      	BSF        LCD_D5, BitPos(LCD_D5+0)
L__Lcd_Cmd36:
;__Lib_Lcd.c,36 :: 		
0x0061	0x182F      	BTFSC      FARG_Lcd_Cmd_out_char, 0
0x0062	0x2865      	GOTO       L__Lcd_Cmd37
0x0063	0x1006      	BCF        LCD_D4, BitPos(LCD_D4+0)
0x0064	0x2866      	GOTO       L__Lcd_Cmd38
L__Lcd_Cmd37:
0x0065	0x1406      	BSF        LCD_D4, BitPos(LCD_D4+0)
L__Lcd_Cmd38:
;__Lib_Lcd.c,38 :: 		
0x0066	0x181D      	BTFSC      __Lib_Lcd_cmd_status, BitPos(__Lib_Lcd_cmd_status+0)
0x0067	0x286A      	GOTO       L__Lcd_Cmd39
0x0068	0x1606      	BSF        LCD_RS, BitPos(LCD_RS+0)
0x0069	0x286B      	GOTO       L__Lcd_Cmd40
L__Lcd_Cmd39:
0x006A	0x1206      	BCF        LCD_RS, BitPos(LCD_RS+0)
L__Lcd_Cmd40:
;__Lib_Lcd.c,40 :: 		
0x006B	0x1686      	BSF        LCD_EN, BitPos(LCD_EN+0)
;__Lib_Lcd.c,41 :: 		
0x006C	0x2003      	CALL       _Delay_1us
;__Lib_Lcd.c,42 :: 		
0x006D	0x1286      	BCF        LCD_EN, BitPos(LCD_EN+0)
;__Lib_Lcd.c,44 :: 		
0x006E	0x1C1D      	BTFSS      __Lib_Lcd_cmd_status, BitPos(__Lib_Lcd_cmd_status+0)
0x006F	0x2872      	GOTO       L_Lcd_Cmd0
;__Lib_Lcd.c,45 :: 		
0x0070	0x200C      	CALL       _Delay_5500us
0x0071	0x2873      	GOTO       L_Lcd_Cmd1
L_Lcd_Cmd0:
;__Lib_Lcd.c,47 :: 		
0x0072	0x2006      	CALL       _Delay_50us
L_Lcd_Cmd1:
;__Lib_Lcd.c,48 :: 		
L_end_Lcd_Cmd:
0x0073	0x0008      	RETURN
; end of _Lcd_Cmd
_____DoICP:
;__Lib_System.c,6 :: 		
;__Lib_System.c,9 :: 		
0x0074	0x1283      	BCF        STATUS, 5
0x0075	0x0820      	MOVF       ___DoICPAddr+1, 0
0x0076	0x008A      	MOVWF      PCLATH
;__Lib_System.c,10 :: 		
0x0077	0x081F      	MOVF       ___DoICPAddr, 0
0x0078	0x0082      	MOVWF      PCL
;__Lib_System.c,12 :: 		
L_end_____DoICP:
0x0079	0x0008      	RETURN
; end of _____DoICP
_WordToStr:
;__Lib_Conversions.c,98 :: 		
;__Lib_Conversions.c,103 :: 		
0x007A	0x1283      	BCF        STATUS, 5
0x007B	0x01AD      	CLRF       WordToStr_len_L0
L_WordToStr11:
0x007C	0x3005      	MOVLW      5
0x007D	0x022D      	SUBWF      WordToStr_len_L0, 0
0x007E	0x1803      	BTFSC      STATUS, 0
0x007F	0x2887      	GOTO       L_WordToStr12
;__Lib_Conversions.c,104 :: 		
0x0080	0x082D      	MOVF       WordToStr_len_L0, 0
0x0081	0x072C      	ADDWF      FARG_WordToStr_output, 0
0x0082	0x0084      	MOVWF      FSR
0x0083	0x3020      	MOVLW      32
0x0084	0x0080      	MOVWF      INDF
;__Lib_Conversions.c,103 :: 		
0x0085	0x0AAD      	INCF       WordToStr_len_L0, 1
;__Lib_Conversions.c,104 :: 		
0x0086	0x287C      	GOTO       L_WordToStr11
L_WordToStr12:
;__Lib_Conversions.c,105 :: 		
0x0087	0x082D      	MOVF       WordToStr_len_L0, 0
0x0088	0x072C      	ADDWF      FARG_WordToStr_output, 0
0x0089	0x0084      	MOVWF      FSR
0x008A	0x0180      	CLRF       INDF
0x008B	0x03AD      	DECF       WordToStr_len_L0, 1
;__Lib_Conversions.c,107 :: 		
L_WordToStr14:
;__Lib_Conversions.c,108 :: 		
0x008C	0x082D      	MOVF       WordToStr_len_L0, 0
0x008D	0x072C      	ADDWF      FARG_WordToStr_output, 0
0x008E	0x00AE      	MOVWF      FLOC__WordToStr
0x008F	0x300A      	MOVLW      10
0x0090	0x00C4      	MOVWF      R4
0x0091	0x01C5      	CLRF       R4+1
0x0092	0x082A      	MOVF       FARG_WordToStr_input, 0
0x0093	0x00C0      	MOVWF      R0
0x0094	0x082B      	MOVF       FARG_WordToStr_input+1, 0
0x0095	0x00C1      	MOVWF      R0+1
0x0096	0x2018      	CALL       _Div_16X16_U
0x0097	0x0848      	MOVF       R8, 0
0x0098	0x00C0      	MOVWF      R0
0x0099	0x0849      	MOVF       R8+1, 0
0x009A	0x00C1      	MOVWF      R0+1
0x009B	0x3030      	MOVLW      48
0x009C	0x07C0      	ADDWF      R0, 1
0x009D	0x082E      	MOVF       FLOC__WordToStr, 0
0x009E	0x0084      	MOVWF      FSR
0x009F	0x0840      	MOVF       R0, 0
0x00A0	0x0080      	MOVWF      INDF
;__Lib_Conversions.c,109 :: 		
0x00A1	0x300A      	MOVLW      10
0x00A2	0x00C4      	MOVWF      R4
0x00A3	0x01C5      	CLRF       R4+1
0x00A4	0x082A      	MOVF       FARG_WordToStr_input, 0
0x00A5	0x00C0      	MOVWF      R0
0x00A6	0x082B      	MOVF       FARG_WordToStr_input+1, 0
0x00A7	0x00C1      	MOVWF      R0+1
0x00A8	0x2018      	CALL       _Div_16X16_U
0x00A9	0x0840      	MOVF       R0, 0
0x00AA	0x00AA      	MOVWF      FARG_WordToStr_input
0x00AB	0x0841      	MOVF       R0+1, 0
0x00AC	0x00AB      	MOVWF      FARG_WordToStr_input+1
;__Lib_Conversions.c,110 :: 		
0x00AD	0x3000      	MOVLW      0
0x00AE	0x0641      	XORWF      R0+1, 0
0x00AF	0x1D03      	BTFSS      STATUS, 2
0x00B0	0x28B3      	GOTO       L__WordToStr159
0x00B1	0x3000      	MOVLW      0
0x00B2	0x0640      	XORWF      R0, 0
L__WordToStr159:
0x00B3	0x1D03      	BTFSS      STATUS, 2
0x00B4	0x28B6      	GOTO       L_WordToStr16
;__Lib_Conversions.c,111 :: 		
0x00B5	0x28B8      	GOTO       L_WordToStr15
L_WordToStr16:
;__Lib_Conversions.c,112 :: 		
0x00B6	0x03AD      	DECF       WordToStr_len_L0, 1
;__Lib_Conversions.c,113 :: 		
0x00B7	0x288C      	GOTO       L_WordToStr14
L_WordToStr15:
;__Lib_Conversions.c,114 :: 		
L_end_WordToStr:
0x00B8	0x0008      	RETURN
; end of _WordToStr
_Lcd_Chr_CP:
;__Lib_Lcd.c,50 :: 		
;__Lib_Lcd.c,52 :: 		
0x00B9	0x1283      	BCF        STATUS, 5
0x00BA	0x101D      	BCF        __Lib_Lcd_cmd_status, BitPos(__Lib_Lcd_cmd_status+0)
;__Lib_Lcd.c,53 :: 		
0x00BB	0x082A      	MOVF       FARG_Lcd_Chr_CP_out_char, 0
0x00BC	0x00AF      	MOVWF      FARG_Lcd_Cmd_out_char
0x00BD	0x2035      	CALL       _Lcd_Cmd
;__Lib_Lcd.c,54 :: 		
0x00BE	0x141D      	BSF        __Lib_Lcd_cmd_status, BitPos(__Lib_Lcd_cmd_status+0)
;__Lib_Lcd.c,55 :: 		
L_end_Lcd_Chr_CP:
0x00BF	0x0008      	RETURN
; end of _Lcd_Chr_CP
_Lcd_Out:
;__Lib_Lcd.c,184 :: 		
;__Lib_Lcd.c,187 :: 		
0x00C0	0x28D1      	GOTO       L_Lcd_Out11
;__Lib_Lcd.c,188 :: 		
L_Lcd_Out13:
0x00C1	0x3080      	MOVLW      128
0x00C2	0x1283      	BCF        STATUS, 5
0x00C3	0x00A1      	MOVWF      FARG_Lcd_Out_row
0x00C4	0x28E2      	GOTO       L_Lcd_Out12
;__Lib_Lcd.c,189 :: 		
L_Lcd_Out14:
0x00C5	0x30C0      	MOVLW      192
0x00C6	0x00A1      	MOVWF      FARG_Lcd_Out_row
0x00C7	0x28E2      	GOTO       L_Lcd_Out12
;__Lib_Lcd.c,190 :: 		
L_Lcd_Out15:
0x00C8	0x3094      	MOVLW      148
0x00C9	0x00A1      	MOVWF      FARG_Lcd_Out_row
0x00CA	0x28E2      	GOTO       L_Lcd_Out12
;__Lib_Lcd.c,191 :: 		
L_Lcd_Out16:
0x00CB	0x30D4      	MOVLW      212
0x00CC	0x00A1      	MOVWF      FARG_Lcd_Out_row
0x00CD	0x28E2      	GOTO       L_Lcd_Out12
;__Lib_Lcd.c,192 :: 		
L_Lcd_Out17:
0x00CE	0x3080      	MOVLW      128
0x00CF	0x00A1      	MOVWF      FARG_Lcd_Out_row
;__Lib_Lcd.c,193 :: 		
0x00D0	0x28E2      	GOTO       L_Lcd_Out12
L_Lcd_Out11:
0x00D1	0x0821      	MOVF       FARG_Lcd_Out_row, 0
0x00D2	0x3A01      	XORLW      1
0x00D3	0x1903      	BTFSC      STATUS, 2
0x00D4	0x28C1      	GOTO       L_Lcd_Out13
0x00D5	0x0821      	MOVF       FARG_Lcd_Out_row, 0
0x00D6	0x3A02      	XORLW      2
0x00D7	0x1903      	BTFSC      STATUS, 2
0x00D8	0x28C5      	GOTO       L_Lcd_Out14
0x00D9	0x0821      	MOVF       FARG_Lcd_Out_row, 0
0x00DA	0x3A03      	XORLW      3
0x00DB	0x1903      	BTFSC      STATUS, 2
0x00DC	0x28C8      	GOTO       L_Lcd_Out15
0x00DD	0x0821      	MOVF       FARG_Lcd_Out_row, 0
0x00DE	0x3A04      	XORLW      4
0x00DF	0x1903      	BTFSC      STATUS, 2
0x00E0	0x28CB      	GOTO       L_Lcd_Out16
0x00E1	0x28CE      	GOTO       L_Lcd_Out17
L_Lcd_Out12:
;__Lib_Lcd.c,194 :: 		
0x00E2	0x0322      	DECF       FARG_Lcd_Out_column, 0
0x00E3	0x00C0      	MOVWF      R0
0x00E4	0x0821      	MOVF       FARG_Lcd_Out_row, 0
0x00E5	0x07C0      	ADDWF      R0, 1
0x00E6	0x0840      	MOVF       R0, 0
0x00E7	0x00A1      	MOVWF      FARG_Lcd_Out_row
;__Lib_Lcd.c,196 :: 		
0x00E8	0x0840      	MOVF       R0, 0
0x00E9	0x00AF      	MOVWF      FARG_Lcd_Cmd_out_char
0x00EA	0x2035      	CALL       _Lcd_Cmd
;__Lib_Lcd.c,197 :: 		
0x00EB	0x101D      	BCF        __Lib_Lcd_cmd_status, BitPos(__Lib_Lcd_cmd_status+0)
;__Lib_Lcd.c,198 :: 		
0x00EC	0x01A4      	CLRF       Lcd_Out_i_L0
;__Lib_Lcd.c,199 :: 		
L_Lcd_Out18:
0x00ED	0x0824      	MOVF       Lcd_Out_i_L0, 0
0x00EE	0x0723      	ADDWF      FARG_Lcd_Out_text, 0
0x00EF	0x0084      	MOVWF      FSR
0x00F0	0x0800      	MOVF       INDF, 0
0x00F1	0x1903      	BTFSC      STATUS, 2
0x00F2	0x28FB      	GOTO       L_Lcd_Out19
;__Lib_Lcd.c,200 :: 		
0x00F3	0x0824      	MOVF       Lcd_Out_i_L0, 0
0x00F4	0x0723      	ADDWF      FARG_Lcd_Out_text, 0
0x00F5	0x0084      	MOVWF      FSR
0x00F6	0x0800      	MOVF       INDF, 0
0x00F7	0x00AA      	MOVWF      FARG_Lcd_Chr_CP_out_char
0x00F8	0x20B9      	CALL       _Lcd_Chr_CP
0x00F9	0x0AA4      	INCF       Lcd_Out_i_L0, 1
0x00FA	0x28ED      	GOTO       L_Lcd_Out18
L_Lcd_Out19:
;__Lib_Lcd.c,201 :: 		
0x00FB	0x141D      	BSF        __Lib_Lcd_cmd_status, BitPos(__Lib_Lcd_cmd_status+0)
;__Lib_Lcd.c,202 :: 		
L_end_Lcd_Out:
0x00FC	0x0008      	RETURN
; end of _Lcd_Out
_Lcd_Out_CP:
;__Lib_Lcd.c,57 :: 		
;__Lib_Lcd.c,58 :: 		
0x00FD	0x1283      	BCF        STATUS, 5
0x00FE	0x01A2      	CLRF       Lcd_Out_CP_i_L0
;__Lib_Lcd.c,60 :: 		
L_Lcd_Out_CP2:
0x00FF	0x0822      	MOVF       Lcd_Out_CP_i_L0, 0
0x0100	0x0721      	ADDWF      FARG_Lcd_Out_CP_text, 0
0x0101	0x0084      	MOVWF      FSR
0x0102	0x0800      	MOVF       INDF, 0
0x0103	0x1903      	BTFSC      STATUS, 2
0x0104	0x290D      	GOTO       L_Lcd_Out_CP3
;__Lib_Lcd.c,61 :: 		
0x0105	0x0822      	MOVF       Lcd_Out_CP_i_L0, 0
0x0106	0x0721      	ADDWF      FARG_Lcd_Out_CP_text, 0
0x0107	0x0084      	MOVWF      FSR
0x0108	0x0800      	MOVF       INDF, 0
0x0109	0x00AA      	MOVWF      FARG_Lcd_Chr_CP_out_char
0x010A	0x20B9      	CALL       _Lcd_Chr_CP
0x010B	0x0AA2      	INCF       Lcd_Out_CP_i_L0, 1
;__Lib_Lcd.c,62 :: 		
0x010C	0x28FF      	GOTO       L_Lcd_Out_CP2
L_Lcd_Out_CP3:
;__Lib_Lcd.c,63 :: 		
L_end_Lcd_Out_CP:
0x010D	0x0008      	RETURN
; end of _Lcd_Out_CP
_IntToStr:
;__Lib_Conversions.c,195 :: 		
;__Lib_Conversions.c,201 :: 		
0x010E	0x1283      	BCF        STATUS, 5
0x010F	0x01A6      	CLRF       IntToStr_negative_L0
0x0110	0x01A7      	CLRF       IntToStr_negative_L0+1
;__Lib_Conversions.c,202 :: 		
0x0111	0x0821      	MOVF       FARG_IntToStr_input, 0
0x0112	0x00A8      	MOVWF      IntToStr_inword_L0
0x0113	0x0822      	MOVF       FARG_IntToStr_input+1, 0
0x0114	0x00A9      	MOVWF      IntToStr_inword_L0+1
;__Lib_Conversions.c,203 :: 		
0x0115	0x3080      	MOVLW      128
0x0116	0x0622      	XORWF      FARG_IntToStr_input+1, 0
0x0117	0x00C0      	MOVWF      R0
0x0118	0x3080      	MOVLW      128
0x0119	0x0240      	SUBWF      R0, 0
0x011A	0x1D03      	BTFSS      STATUS, 2
0x011B	0x291E      	GOTO       L__IntToStr167
0x011C	0x3000      	MOVLW      0
0x011D	0x0221      	SUBWF      FARG_IntToStr_input, 0
L__IntToStr167:
0x011E	0x1803      	BTFSC      STATUS, 0
0x011F	0x292C      	GOTO       L_IntToStr37
;__Lib_Conversions.c,204 :: 		
0x0120	0x3001      	MOVLW      1
0x0121	0x00A6      	MOVWF      IntToStr_negative_L0
0x0122	0x3000      	MOVLW      0
0x0123	0x00A7      	MOVWF      IntToStr_negative_L0+1
;__Lib_Conversions.c,205 :: 		
0x0124	0x0821      	MOVF       FARG_IntToStr_input, 0
0x0125	0x3C00      	SUBLW      0
0x0126	0x00A8      	MOVWF      IntToStr_inword_L0
0x0127	0x0822      	MOVF       FARG_IntToStr_input+1, 0
0x0128	0x1C03      	BTFSS      STATUS, 0
0x0129	0x3E01      	ADDLW      1
0x012A	0x01A9      	CLRF       IntToStr_inword_L0+1
0x012B	0x02A9      	SUBWF      IntToStr_inword_L0+1, 1
;__Lib_Conversions.c,206 :: 		
L_IntToStr37:
;__Lib_Conversions.c,207 :: 		
0x012C	0x0828      	MOVF       IntToStr_inword_L0, 0
0x012D	0x00AA      	MOVWF      FARG_WordToStr_input
0x012E	0x0829      	MOVF       IntToStr_inword_L0+1, 0
0x012F	0x00AB      	MOVWF      FARG_WordToStr_input+1
0x0130	0x0823      	MOVF       FARG_IntToStr_output, 0
0x0131	0x00AC      	MOVWF      FARG_WordToStr_output
0x0132	0x207A      	CALL       _WordToStr
;__Lib_Conversions.c,209 :: 		
0x0133	0x3006      	MOVLW      6
0x0134	0x00A4      	MOVWF      IntToStr_i_L0
0x0135	0x3000      	MOVLW      0
0x0136	0x00A5      	MOVWF      IntToStr_i_L0+1
;__Lib_Conversions.c,210 :: 		
L_IntToStr38:
0x0137	0x0825      	MOVF       IntToStr_i_L0+1, 0
0x0138	0x3C00      	SUBLW      0
0x0139	0x1D03      	BTFSS      STATUS, 2
0x013A	0x293D      	GOTO       L__IntToStr168
0x013B	0x0824      	MOVF       IntToStr_i_L0, 0
0x013C	0x3C00      	SUBLW      0
L__IntToStr168:
0x013D	0x1803      	BTFSC      STATUS, 0
0x013E	0x2958      	GOTO       L_IntToStr39
;__Lib_Conversions.c,211 :: 		
0x013F	0x0824      	MOVF       IntToStr_i_L0, 0
0x0140	0x0723      	ADDWF      FARG_IntToStr_output, 0
0x0141	0x00C2      	MOVWF      R2
0x0142	0x3001      	MOVLW      1
0x0143	0x0224      	SUBWF      IntToStr_i_L0, 0
0x0144	0x00C0      	MOVWF      R0
0x0145	0x3000      	MOVLW      0
0x0146	0x1C03      	BTFSS      STATUS, 0
0x0147	0x3E01      	ADDLW      1
0x0148	0x0225      	SUBWF      IntToStr_i_L0+1, 0
0x0149	0x00C1      	MOVWF      R0+1
0x014A	0x0840      	MOVF       R0, 0
0x014B	0x0723      	ADDWF      FARG_IntToStr_output, 0
0x014C	0x0084      	MOVWF      FSR
0x014D	0x0800      	MOVF       INDF, 0
0x014E	0x00C0      	MOVWF      R0
0x014F	0x0842      	MOVF       R2, 0
0x0150	0x0084      	MOVWF      FSR
0x0151	0x0840      	MOVF       R0, 0
0x0152	0x0080      	MOVWF      INDF
;__Lib_Conversions.c,212 :: 		
0x0153	0x3001      	MOVLW      1
0x0154	0x02A4      	SUBWF      IntToStr_i_L0, 1
0x0155	0x1C03      	BTFSS      STATUS, 0
0x0156	0x03A5      	DECF       IntToStr_i_L0+1, 1
;__Lib_Conversions.c,213 :: 		
0x0157	0x2937      	GOTO       L_IntToStr38
L_IntToStr39:
;__Lib_Conversions.c,214 :: 		
0x0158	0x0823      	MOVF       FARG_IntToStr_output, 0
0x0159	0x0084      	MOVWF      FSR
0x015A	0x3020      	MOVLW      32
0x015B	0x0080      	MOVWF      INDF
;__Lib_Conversions.c,215 :: 		
0x015C	0x0826      	MOVF       IntToStr_negative_L0, 0
0x015D	0x0427      	IORWF      IntToStr_negative_L0+1, 0
0x015E	0x1903      	BTFSC      STATUS, 2
0x015F	0x2976      	GOTO       L_IntToStr40
;__Lib_Conversions.c,216 :: 		
0x0160	0x01A4      	CLRF       IntToStr_i_L0
0x0161	0x01A5      	CLRF       IntToStr_i_L0+1
;__Lib_Conversions.c,217 :: 		
L_IntToStr41:
0x0162	0x0824      	MOVF       IntToStr_i_L0, 0
0x0163	0x0723      	ADDWF      FARG_IntToStr_output, 0
0x0164	0x0084      	MOVWF      FSR
0x0165	0x0800      	MOVF       INDF, 0
0x0166	0x3A20      	XORLW      32
0x0167	0x1D03      	BTFSS      STATUS, 2
0x0168	0x296D      	GOTO       L_IntToStr42
0x0169	0x0AA4      	INCF       IntToStr_i_L0, 1
0x016A	0x1903      	BTFSC      STATUS, 2
0x016B	0x0AA5      	INCF       IntToStr_i_L0+1, 1
0x016C	0x2962      	GOTO       L_IntToStr41
L_IntToStr42:
;__Lib_Conversions.c,218 :: 		
0x016D	0x3001      	MOVLW      1
0x016E	0x02A4      	SUBWF      IntToStr_i_L0, 1
0x016F	0x1C03      	BTFSS      STATUS, 0
0x0170	0x03A5      	DECF       IntToStr_i_L0+1, 1
;__Lib_Conversions.c,219 :: 		
0x0171	0x0824      	MOVF       IntToStr_i_L0, 0
0x0172	0x0723      	ADDWF      FARG_IntToStr_output, 0
0x0173	0x0084      	MOVWF      FSR
0x0174	0x302D      	MOVLW      45
0x0175	0x0080      	MOVWF      INDF
L_IntToStr40:
;__Lib_Conversions.c,220 :: 		
L_end_IntToStr:
0x0176	0x0008      	RETURN
; end of _IntToStr
_Lcd_Init:
;__Lib_Lcd.c,84 :: 		
;__Lib_Lcd.c,86 :: 		
0x0177	0x1683      	BSF        STATUS, 5
0x0178	0x1286      	BCF        LCD_EN_Direction, BitPos(LCD_EN_Direction+0)
;__Lib_Lcd.c,87 :: 		
0x0179	0x1206      	BCF        LCD_RS_Direction, BitPos(LCD_RS_Direction+0)
;__Lib_Lcd.c,88 :: 		
0x017A	0x1006      	BCF        LCD_D4_Direction, BitPos(LCD_D4_Direction+0)
;__Lib_Lcd.c,89 :: 		
0x017B	0x1086      	BCF        LCD_D5_Direction, BitPos(LCD_D5_Direction+0)
;__Lib_Lcd.c,90 :: 		
0x017C	0x1106      	BCF        LCD_D6_Direction, BitPos(LCD_D6_Direction+0)
;__Lib_Lcd.c,91 :: 		
0x017D	0x1186      	BCF        LCD_D7_Direction, BitPos(LCD_D7_Direction+0)
;__Lib_Lcd.c,93 :: 		
0x017E	0x1283      	BCF        STATUS, 5
0x017F	0x1286      	BCF        LCD_EN, BitPos(LCD_EN+0)
;__Lib_Lcd.c,94 :: 		
0x0180	0x1206      	BCF        LCD_RS, BitPos(LCD_RS+0)
;__Lib_Lcd.c,95 :: 		
0x0181	0x1186      	BCF        LCD_D7, BitPos(LCD_D7+0)
;__Lib_Lcd.c,96 :: 		
0x0182	0x1106      	BCF        LCD_D6, BitPos(LCD_D6+0)
;__Lib_Lcd.c,97 :: 		
0x0183	0x1086      	BCF        LCD_D5, BitPos(LCD_D5+0)
;__Lib_Lcd.c,98 :: 		
0x0184	0x1006      	BCF        LCD_D4, BitPos(LCD_D4+0)
;__Lib_Lcd.c,100 :: 		
0x0185	0x200C      	CALL       _Delay_5500us
;__Lib_Lcd.c,101 :: 		
0x0186	0x200C      	CALL       _Delay_5500us
;__Lib_Lcd.c,102 :: 		
0x0187	0x200C      	CALL       _Delay_5500us
;__Lib_Lcd.c,105 :: 		
0x0188	0x1486      	BSF        LCD_D5, BitPos(LCD_D5+0)
;__Lib_Lcd.c,106 :: 		
0x0189	0x1406      	BSF        LCD_D4, BitPos(LCD_D4+0)
;__Lib_Lcd.c,107 :: 		
0x018A	0x1686      	BSF        LCD_EN, BitPos(LCD_EN+0)
;__Lib_Lcd.c,108 :: 		
0x018B	0x2003      	CALL       _Delay_1us
;__Lib_Lcd.c,109 :: 		
0x018C	0x1286      	BCF        LCD_EN, BitPos(LCD_EN+0)
;__Lib_Lcd.c,110 :: 		
0x018D	0x200C      	CALL       _Delay_5500us
;__Lib_Lcd.c,112 :: 		
0x018E	0x1686      	BSF        LCD_EN, BitPos(LCD_EN+0)
;__Lib_Lcd.c,113 :: 		
0x018F	0x2003      	CALL       _Delay_1us
;__Lib_Lcd.c,114 :: 		
0x0190	0x1286      	BCF        LCD_EN, BitPos(LCD_EN+0)
;__Lib_Lcd.c,115 :: 		
0x0191	0x200C      	CALL       _Delay_5500us
;__Lib_Lcd.c,117 :: 		
0x0192	0x1686      	BSF        LCD_EN, BitPos(LCD_EN+0)
;__Lib_Lcd.c,118 :: 		
0x0193	0x2003      	CALL       _Delay_1us
;__Lib_Lcd.c,119 :: 		
0x0194	0x1286      	BCF        LCD_EN, BitPos(LCD_EN+0)
;__Lib_Lcd.c,120 :: 		
0x0195	0x200C      	CALL       _Delay_5500us
;__Lib_Lcd.c,123 :: 		
0x0196	0x1006      	BCF        LCD_D4, BitPos(LCD_D4+0)
;__Lib_Lcd.c,124 :: 		
0x0197	0x1686      	BSF        LCD_EN, BitPos(LCD_EN+0)
;__Lib_Lcd.c,125 :: 		
0x0198	0x2003      	CALL       _Delay_1us
;__Lib_Lcd.c,126 :: 		
0x0199	0x1286      	BCF        LCD_EN, BitPos(LCD_EN+0)
;__Lib_Lcd.c,127 :: 		
0x019A	0x200C      	CALL       _Delay_5500us
;__Lib_Lcd.c,130 :: 		
0x019B	0x1686      	BSF        LCD_EN, BitPos(LCD_EN+0)
;__Lib_Lcd.c,131 :: 		
0x019C	0x2003      	CALL       _Delay_1us
;__Lib_Lcd.c,132 :: 		
0x019D	0x1286      	BCF        LCD_EN, BitPos(LCD_EN+0)
;__Lib_Lcd.c,134 :: 		
0x019E	0x1086      	BCF        LCD_D5, BitPos(LCD_D5+0)
;__Lib_Lcd.c,135 :: 		
0x019F	0x1586      	BSF        LCD_D7, BitPos(LCD_D7+0)
;__Lib_Lcd.c,136 :: 		
0x01A0	0x1686      	BSF        LCD_EN, BitPos(LCD_EN+0)
;__Lib_Lcd.c,137 :: 		
0x01A1	0x2003      	CALL       _Delay_1us
;__Lib_Lcd.c,138 :: 		
0x01A2	0x1286      	BCF        LCD_EN, BitPos(LCD_EN+0)
;__Lib_Lcd.c,139 :: 		
0x01A3	0x200C      	CALL       _Delay_5500us
;__Lib_Lcd.c,142 :: 		
0x01A4	0x1186      	BCF        LCD_D7, BitPos(LCD_D7+0)
;__Lib_Lcd.c,143 :: 		
0x01A5	0x1406      	BSF        LCD_D4, BitPos(LCD_D4+0)
;__Lib_Lcd.c,144 :: 		
0x01A6	0x1686      	BSF        LCD_EN, BitPos(LCD_EN+0)
;__Lib_Lcd.c,145 :: 		
0x01A7	0x2003      	CALL       _Delay_1us
;__Lib_Lcd.c,146 :: 		
0x01A8	0x1286      	BCF        LCD_EN, BitPos(LCD_EN+0)
;__Lib_Lcd.c,148 :: 		
0x01A9	0x1006      	BCF        LCD_D4, BitPos(LCD_D4+0)
;__Lib_Lcd.c,149 :: 		
0x01AA	0x1686      	BSF        LCD_EN, BitPos(LCD_EN+0)
;__Lib_Lcd.c,150 :: 		
0x01AB	0x2003      	CALL       _Delay_1us
;__Lib_Lcd.c,151 :: 		
0x01AC	0x1286      	BCF        LCD_EN, BitPos(LCD_EN+0)
;__Lib_Lcd.c,152 :: 		
0x01AD	0x200C      	CALL       _Delay_5500us
;__Lib_Lcd.c,155 :: 		
0x01AE	0x1686      	BSF        LCD_EN, BitPos(LCD_EN+0)
;__Lib_Lcd.c,156 :: 		
0x01AF	0x2003      	CALL       _Delay_1us
;__Lib_Lcd.c,157 :: 		
0x01B0	0x1286      	BCF        LCD_EN, BitPos(LCD_EN+0)
;__Lib_Lcd.c,159 :: 		
0x01B1	0x1406      	BSF        LCD_D4, BitPos(LCD_D4+0)
;__Lib_Lcd.c,160 :: 		
0x01B2	0x1686      	BSF        LCD_EN, BitPos(LCD_EN+0)
;__Lib_Lcd.c,161 :: 		
0x01B3	0x2003      	CALL       _Delay_1us
;__Lib_Lcd.c,162 :: 		
0x01B4	0x1286      	BCF        LCD_EN, BitPos(LCD_EN+0)
;__Lib_Lcd.c,163 :: 		
0x01B5	0x200C      	CALL       _Delay_5500us
;__Lib_Lcd.c,166 :: 		
0x01B6	0x1006      	BCF        LCD_D4, BitPos(LCD_D4+0)
;__Lib_Lcd.c,167 :: 		
0x01B7	0x1686      	BSF        LCD_EN, BitPos(LCD_EN+0)
;__Lib_Lcd.c,168 :: 		
0x01B8	0x2003      	CALL       _Delay_1us
;__Lib_Lcd.c,169 :: 		
0x01B9	0x1286      	BCF        LCD_EN, BitPos(LCD_EN+0)
;__Lib_Lcd.c,171 :: 		
0x01BA	0x1586      	BSF        LCD_D7, BitPos(LCD_D7+0)
;__Lib_Lcd.c,172 :: 		
0x01BB	0x1506      	BSF        LCD_D6, BitPos(LCD_D6+0)
;__Lib_Lcd.c,173 :: 		
0x01BC	0x1486      	BSF        LCD_D5, BitPos(LCD_D5+0)
;__Lib_Lcd.c,174 :: 		
0x01BD	0x1406      	BSF        LCD_D4, BitPos(LCD_D4+0)
;__Lib_Lcd.c,175 :: 		
0x01BE	0x1686      	BSF        LCD_EN, BitPos(LCD_EN+0)
;__Lib_Lcd.c,176 :: 		
0x01BF	0x2003      	CALL       _Delay_1us
;__Lib_Lcd.c,177 :: 		
0x01C0	0x1286      	BCF        LCD_EN, BitPos(LCD_EN+0)
;__Lib_Lcd.c,179 :: 		
0x01C1	0x200C      	CALL       _Delay_5500us
;__Lib_Lcd.c,181 :: 		
0x01C2	0x141D      	BSF        __Lib_Lcd_cmd_status, BitPos(__Lib_Lcd_cmd_status+0)
;__Lib_Lcd.c,182 :: 		
L_end_Lcd_Init:
0x01C3	0x0008      	RETURN
; end of _Lcd_Init
___CC2DW:
;__Lib_System.c,134 :: 		
;__Lib_System.c,137 :: 		
_CC2D_Loop1:
;__Lib_System.c,139 :: 		
0x01C4	0x2074      	CALL       _____DoICP
0x01C5	0x118A      	BCF        PCLATH, 3
0x01C6	0x120A      	BCF        PCLATH, 4
;__Lib_System.c,141 :: 		
0x01C7	0x0080      	MOVWF      INDF
;__Lib_System.c,142 :: 		
0x01C8	0x0A84      	INCF       FSR, 1
;__Lib_System.c,143 :: 		
0x01C9	0x0A9F      	INCF       ___DoICPAddr, 1
;__Lib_System.c,145 :: 		
0x01CA	0x1903      	BTFSC      STATUS, 2
;__Lib_System.c,146 :: 		
0x01CB	0x0AA0      	INCF       ___DoICPAddr+1, 1
;__Lib_System.c,147 :: 		
0x01CC	0x03C0      	DECF       R0, 1
;__Lib_System.c,149 :: 		
0x01CD	0x1D03      	BTFSS      STATUS, 2
;__Lib_System.c,150 :: 		
0x01CE	0x29C4      	GOTO       _CC2D_Loop1
;__Lib_System.c,152 :: 		
L_end___CC2DW:
0x01CF	0x0008      	RETURN
; end of ___CC2DW
_main:
0x01D0	0x3043      	MOVLW      67
0x01D1	0x1283      	BCF        STATUS, 5
0x01D2	0x008C      	MOVWF      ?lstr1_Counter
0x01D3	0x304F      	MOVLW      79
0x01D4	0x008D      	MOVWF      13
0x01D5	0x3055      	MOVLW      85
0x01D6	0x008E      	MOVWF      14
0x01D7	0x304E      	MOVLW      78
0x01D8	0x008F      	MOVWF      15
0x01D9	0x3054      	MOVLW      84
0x01DA	0x0090      	MOVWF      16
0x01DB	0x3045      	MOVLW      69
0x01DC	0x0091      	MOVWF      17
0x01DD	0x3052      	MOVLW      82
0x01DE	0x0092      	MOVWF      18
0x01DF	0x303A      	MOVLW      58
0x01E0	0x0093      	MOVWF      19
0x01E1	0x3020      	MOVLW      32
0x01E2	0x0094      	MOVWF      20
0x01E3	0x0195      	CLRF       21
;Counter.c,18 :: 		void main() {
;Counter.c,19 :: 		lcd_init();
0x01E4	0x2177      	CALL       _Lcd_Init
;Counter.c,20 :: 		lcd_cmd(_lcd_clear);
0x01E5	0x3001      	MOVLW      1
0x01E6	0x00AF      	MOVWF      FARG_Lcd_Cmd_out_char
0x01E7	0x2035      	CALL       _Lcd_Cmd
;Counter.c,21 :: 		lcd_cmd(_lcd_cursor_off);
0x01E8	0x300C      	MOVLW      12
0x01E9	0x00AF      	MOVWF      FARG_Lcd_Cmd_out_char
0x01EA	0x2035      	CALL       _Lcd_Cmd
;Counter.c,23 :: 		lcd_out_cp("COUNTER: ");
0x01EB	0x300C      	MOVLW      ?lstr1_Counter
0x01EC	0x00A1      	MOVWF      FARG_Lcd_Out_CP_text
0x01ED	0x20FD      	CALL       _Lcd_Out_CP
;Counter.c,24 :: 		while(1)
L_main0:
;Counter.c,26 :: 		for(i=0;i<=50;i++)
0x01EE	0x019E      	CLRF       _i
L_main2:
0x01EF	0x081E      	MOVF       _i, 0
0x01F0	0x3C32      	SUBLW      50
0x01F1	0x1C03      	BTFSS      STATUS, 0
0x01F2	0x2A0B      	GOTO       L_main3
;Counter.c,28 :: 		IntToStr(i,txt);
0x01F3	0x081E      	MOVF       _i, 0
0x01F4	0x00A1      	MOVWF      FARG_IntToStr_input
0x01F5	0x01A2      	CLRF       FARG_IntToStr_input+1
0x01F6	0x3016      	MOVLW      _txt
0x01F7	0x00A3      	MOVWF      FARG_IntToStr_output
0x01F8	0x210E      	CALL       _IntToStr
;Counter.c,29 :: 		lcd_out(1,9,txt);
0x01F9	0x3001      	MOVLW      1
0x01FA	0x00A1      	MOVWF      FARG_Lcd_Out_row
0x01FB	0x3009      	MOVLW      9
0x01FC	0x00A2      	MOVWF      FARG_Lcd_Out_column
0x01FD	0x3016      	MOVLW      _txt
0x01FE	0x00A3      	MOVWF      FARG_Lcd_Out_text
0x01FF	0x20C0      	CALL       _Lcd_Out
;Counter.c,30 :: 		delay_ms(10);
0x0200	0x301A      	MOVLW      26
0x0201	0x00CC      	MOVWF      R12
0x0202	0x30F8      	MOVLW      248
0x0203	0x00CD      	MOVWF      R13
L_main5:
0x0204	0x0BCD      	DECFSZ     R13, 1
0x0205	0x2A04      	GOTO       L_main5
0x0206	0x0BCC      	DECFSZ     R12, 1
0x0207	0x2A04      	GOTO       L_main5
0x0208	0x0000      	NOP
;Counter.c,26 :: 		for(i=0;i<=50;i++)
0x0209	0x0A9E      	INCF       _i, 1
;Counter.c,31 :: 		}
0x020A	0x29EF      	GOTO       L_main2
L_main3:
;Counter.c,32 :: 		}
0x020B	0x29EE      	GOTO       L_main0
;Counter.c,34 :: 		}
L_end_main:
0x020C	0x2A0C      	GOTO       $+0
; end of _main
Symbol List:
//** Routines locations **
//ADDRESS    SIZE    PROCEDURE
//----------------------------------------------
0x0003       [3]    _Delay_1us
0x0006       [6]    _Delay_50us
0x000C      [12]    _Delay_5500us
0x0018      [29]    _Div_16X16_U
0x0035      [63]    _Lcd_Cmd
0x0074       [6]    _____DoICP
0x007A      [63]    _WordToStr
0x00B9       [7]    _Lcd_Chr_CP
0x00C0      [61]    _Lcd_Out
0x00FD      [17]    _Lcd_Out_CP
0x010E     [105]    _IntToStr
0x0177      [77]    _Lcd_Init
0x01C4      [12]    ___CC2DW
0x01D0      [61]    _main
//** Variables locations ** 
//ADDRESS    SIZE    VARIABLE
//----------------------------------------------
0x0000       [1]    INDF
0x0002       [1]    PCL
0x0003       [1]    STATUS
0x0004       [1]    FSR
0x0006       [0]    LCD_D6
0x0006       [0]    LCD_D7
0x0006       [0]    LCD_RS
0x0006       [0]    RB4_bit
0x0006       [0]    LCD_EN
0x0006       [0]    LCD_D5
0x0006       [0]    LCD_D4
0x0006       [0]    RB0_bit
0x0006       [0]    RB3_bit
0x0006       [0]    RB2_bit
0x0006       [0]    RB1_bit
0x0006       [0]    RB5_bit
0x000A       [1]    PCLATH
0x000C      [10]    ?lstr1_Counter
0x0016       [7]    _txt
0x001D       [0]    __Lib_Lcd_cmd_status
0x001E       [1]    _i
0x001F       [2]    ___DoICPAddr
0x0021       [1]    FARG_Lcd_Out_row
0x0021       [2]    FARG_IntToStr_input
0x0021       [1]    FARG_Lcd_Out_CP_text
0x0022       [1]    FARG_Lcd_Out_column
0x0022       [1]    Lcd_Out_CP_i_L0
0x0023       [1]    FARG_IntToStr_output
0x0023       [1]    FARG_Lcd_Out_text
0x0024       [2]    IntToStr_i_L0
0x0024       [1]    Lcd_Out_i_L0
0x0026       [2]    IntToStr_negative_L0
0x0028       [2]    IntToStr_inword_L0
0x002A       [2]    FARG_WordToStr_input
0x002A       [1]    FARG_Lcd_Chr_CP_out_char
0x002C       [1]    FARG_WordToStr_output
0x002D       [1]    WordToStr_len_L0
0x002E       [1]    FLOC__WordToStr
0x002F       [1]    FARG_Lcd_Cmd_out_char
0x0040       [1]    R0
0x0041       [1]    R1
0x0042       [1]    R2
0x0043       [1]    R3
0x0044       [1]    R4
0x0045       [1]    R5
0x0046       [1]    R6
0x0047       [1]    R7
0x0048       [1]    R8
0x0049       [1]    R9
0x004A       [1]    R10
0x004B       [1]    R11
0x004C       [1]    R12
0x004D       [1]    R13
0x004E       [1]    R14
0x004F       [1]    R15
0x0086       [0]    TRISB2_bit
0x0086       [0]    TRISB1_bit
0x0086       [0]    TRISB5_bit
0x0086       [0]    TRISB4_bit
0x0086       [0]    TRISB3_bit
0x0086       [0]    LCD_D7_Direction
0x0086       [0]    LCD_D4_Direction
0x0086       [0]    LCD_D5_Direction
0x0086       [0]    LCD_D6_Direction
0x0086       [0]    TRISB0_bit
0x0086       [0]    LCD_RS_Direction
0x0086       [0]    LCD_EN_Direction
